<?xml version="1.0" encoding="UTF-8"?>
<testsuite xmlns:xsi="http://www.w3.org/2001/XMLSchema-instance" xsi:noNamespaceSchemaLocation="https://maven.apache.org/surefire/maven-surefire-plugin/xsd/surefire-test-report-3.0.xsd" version="3.0" name="com.luckypets.logistics.notificationviewservice.listener.ShipmentEventListenerTest" time="1.121" tests="11" errors="0" skipped="0" failures="0">
  <properties>
    <property name="java.specification.version" value="21"/>
    <property name="sun.cpu.isalist" value="amd64"/>
    <property name="sun.jnu.encoding" value="Cp1252"/>
    <property name="java.class.path" value="C:\Users\Marco Kaul\LogisticSystem\notificationviewservice\target\test-classes;C:\Users\Marco Kaul\LogisticSystem\notificationviewservice\target\classes;C:\Users\Marco Kaul\.m2\repository\org\springframework\boot\spring-boot-starter-web\3.2.3\spring-boot-starter-web-3.2.3.jar;C:\Users\Marco Kaul\.m2\repository\org\springframework\boot\spring-boot-starter\3.2.3\spring-boot-starter-3.2.3.jar;C:\Users\Marco Kaul\.m2\repository\org\springframework\boot\spring-boot\3.2.3\spring-boot-3.2.3.jar;C:\Users\Marco Kaul\.m2\repository\org\springframework\boot\spring-boot-starter-logging\3.2.3\spring-boot-starter-logging-3.2.3.jar;C:\Users\Marco Kaul\.m2\repository\org\apache\logging\log4j\log4j-to-slf4j\2.21.1\log4j-to-slf4j-2.21.1.jar;C:\Users\Marco Kaul\.m2\repository\org\apache\logging\log4j\log4j-api\2.21.1\log4j-api-2.21.1.jar;C:\Users\Marco Kaul\.m2\repository\org\slf4j\jul-to-slf4j\2.0.12\jul-to-slf4j-2.0.12.jar;C:\Users\Marco Kaul\.m2\repository\jakarta\annotation\jakarta.annotation-api\2.1.1\jakarta.annotation-api-2.1.1.jar;C:\Users\Marco Kaul\.m2\repository\org\yaml\snakeyaml\2.2\snakeyaml-2.2.jar;C:\Users\Marco Kaul\.m2\repository\org\springframework\boot\spring-boot-starter-json\3.2.3\spring-boot-starter-json-3.2.3.jar;C:\Users\Marco Kaul\.m2\repository\com\fasterxml\jackson\datatype\jackson-datatype-jdk8\2.15.4\jackson-datatype-jdk8-2.15.4.jar;C:\Users\Marco Kaul\.m2\repository\com\fasterxml\jackson\module\jackson-module-parameter-names\2.15.4\jackson-module-parameter-names-2.15.4.jar;C:\Users\Marco Kaul\.m2\repository\org\springframework\boot\spring-boot-starter-tomcat\3.2.3\spring-boot-starter-tomcat-3.2.3.jar;C:\Users\Marco Kaul\.m2\repository\org\apache\tomcat\embed\tomcat-embed-core\10.1.19\tomcat-embed-core-10.1.19.jar;C:\Users\Marco Kaul\.m2\repository\org\apache\tomcat\embed\tomcat-embed-websocket\10.1.19\tomcat-embed-websocket-10.1.19.jar;C:\Users\Marco Kaul\.m2\repository\org\springframework\spring-web\6.1.4\spring-web-6.1.4.jar;C:\Users\Marco Kaul\.m2\repository\org\springframework\spring-beans\6.1.4\spring-beans-6.1.4.jar;C:\Users\Marco Kaul\.m2\repository\org\springframework\spring-webmvc\6.1.4\spring-webmvc-6.1.4.jar;C:\Users\Marco Kaul\.m2\repository\org\springframework\spring-aop\6.1.4\spring-aop-6.1.4.jar;C:\Users\Marco Kaul\.m2\repository\org\springframework\spring-expression\6.1.4\spring-expression-6.1.4.jar;C:\Users\Marco Kaul\.m2\repository\org\springframework\boot\spring-boot-starter-actuator\3.2.3\spring-boot-starter-actuator-3.2.3.jar;C:\Users\Marco Kaul\.m2\repository\org\springframework\boot\spring-boot-actuator-autoconfigure\3.2.3\spring-boot-actuator-autoconfigure-3.2.3.jar;C:\Users\Marco Kaul\.m2\repository\org\springframework\boot\spring-boot-actuator\3.2.3\spring-boot-actuator-3.2.3.jar;C:\Users\Marco Kaul\.m2\repository\io\micrometer\micrometer-observation\1.12.3\micrometer-observation-1.12.3.jar;C:\Users\Marco Kaul\.m2\repository\io\micrometer\micrometer-commons\1.12.3\micrometer-commons-1.12.3.jar;C:\Users\Marco Kaul\.m2\repository\io\micrometer\micrometer-jakarta9\1.12.3\micrometer-jakarta9-1.12.3.jar;C:\Users\Marco Kaul\.m2\repository\io\micrometer\micrometer-core\1.12.3\micrometer-core-1.12.3.jar;C:\Users\Marco Kaul\.m2\repository\org\hdrhistogram\HdrHistogram\2.1.12\HdrHistogram-2.1.12.jar;C:\Users\Marco Kaul\.m2\repository\org\latencyutils\LatencyUtils\2.0.3\LatencyUtils-2.0.3.jar;C:\Users\Marco Kaul\.m2\repository\org\springframework\boot\spring-boot-starter-validation\3.2.3\spring-boot-starter-validation-3.2.3.jar;C:\Users\Marco Kaul\.m2\repository\org\apache\tomcat\embed\tomcat-embed-el\10.1.19\tomcat-embed-el-10.1.19.jar;C:\Users\Marco Kaul\.m2\repository\org\hibernate\validator\hibernate-validator\8.0.1.Final\hibernate-validator-8.0.1.Final.jar;C:\Users\Marco Kaul\.m2\repository\jakarta\validation\jakarta.validation-api\3.0.2\jakarta.validation-api-3.0.2.jar;C:\Users\Marco Kaul\.m2\repository\org\jboss\logging\jboss-logging\3.5.3.Final\jboss-logging-3.5.3.Final.jar;C:\Users\Marco Kaul\.m2\repository\com\fasterxml\classmate\1.6.0\classmate-1.6.0.jar;C:\Users\Marco Kaul\.m2\repository\org\springframework\kafka\spring-kafka\3.1.2\spring-kafka-3.1.2.jar;C:\Users\Marco Kaul\.m2\repository\org\springframework\spring-context\6.1.4\spring-context-6.1.4.jar;C:\Users\Marco Kaul\.m2\repository\org\springframework\spring-messaging\6.1.4\spring-messaging-6.1.4.jar;C:\Users\Marco Kaul\.m2\repository\org\springframework\spring-tx\6.1.4\spring-tx-6.1.4.jar;C:\Users\Marco Kaul\.m2\repository\org\apache\kafka\kafka-clients\3.6.1\kafka-clients-3.6.1.jar;C:\Users\Marco Kaul\.m2\repository\com\github\luben\zstd-jni\1.5.5-1\zstd-jni-1.5.5-1.jar;C:\Users\Marco Kaul\.m2\repository\org\lz4\lz4-java\1.8.0\lz4-java-1.8.0.jar;C:\Users\Marco Kaul\.m2\repository\org\xerial\snappy\snappy-java\1.1.10.5\snappy-java-1.1.10.5.jar;C:\Users\Marco Kaul\.m2\repository\org\slf4j\slf4j-api\2.0.12\slf4j-api-2.0.12.jar;C:\Users\Marco Kaul\.m2\repository\com\google\code\findbugs\jsr305\3.0.2\jsr305-3.0.2.jar;C:\Users\Marco Kaul\.m2\repository\org\springframework\retry\spring-retry\2.0.5\spring-retry-2.0.5.jar;C:\Users\Marco Kaul\.m2\repository\org\springframework\spring-aspects\6.1.4\spring-aspects-6.1.4.jar;C:\Users\Marco Kaul\.m2\repository\org\aspectj\aspectjweaver\1.9.21\aspectjweaver-1.9.21.jar;C:\Users\Marco Kaul\LogisticSystem\shared\target\shared-0.0.1-SNAPSHOT.jar;C:\Users\Marco Kaul\.m2\repository\com\fasterxml\jackson\core\jackson-databind\2.15.4\jackson-databind-2.15.4.jar;C:\Users\Marco Kaul\.m2\repository\com\fasterxml\jackson\core\jackson-annotations\2.15.4\jackson-annotations-2.15.4.jar;C:\Users\Marco Kaul\.m2\repository\com\fasterxml\jackson\core\jackson-core\2.15.4\jackson-core-2.15.4.jar;C:\Users\Marco Kaul\.m2\repository\com\fasterxml\jackson\datatype\jackson-datatype-jsr310\2.15.4\jackson-datatype-jsr310-2.15.4.jar;C:\Users\Marco Kaul\.m2\repository\org\springframework\boot\spring-boot-autoconfigure\3.2.3\spring-boot-autoconfigure-3.2.3.jar;C:\Users\Marco Kaul\.m2\repository\org\springframework\boot\spring-boot-starter-data-jpa\3.2.3\spring-boot-starter-data-jpa-3.2.3.jar;C:\Users\Marco Kaul\.m2\repository\org\springframework\boot\spring-boot-starter-aop\3.2.3\spring-boot-starter-aop-3.2.3.jar;C:\Users\Marco Kaul\.m2\repository\org\springframework\boot\spring-boot-starter-jdbc\3.2.3\spring-boot-starter-jdbc-3.2.3.jar;C:\Users\Marco Kaul\.m2\repository\com\zaxxer\HikariCP\5.0.1\HikariCP-5.0.1.jar;C:\Users\Marco Kaul\.m2\repository\org\springframework\spring-jdbc\6.1.4\spring-jdbc-6.1.4.jar;C:\Users\Marco Kaul\.m2\repository\org\hibernate\orm\hibernate-core\6.4.4.Final\hibernate-core-6.4.4.Final.jar;C:\Users\Marco Kaul\.m2\repository\jakarta\persistence\jakarta.persistence-api\3.1.0\jakarta.persistence-api-3.1.0.jar;C:\Users\Marco Kaul\.m2\repository\jakarta\transaction\jakarta.transaction-api\2.0.1\jakarta.transaction-api-2.0.1.jar;C:\Users\Marco Kaul\.m2\repository\org\hibernate\common\hibernate-commons-annotations\6.0.6.Final\hibernate-commons-annotations-6.0.6.Final.jar;C:\Users\Marco Kaul\.m2\repository\io\smallrye\jandex\3.1.2\jandex-3.1.2.jar;C:\Users\Marco Kaul\.m2\repository\org\glassfish\jaxb\jaxb-runtime\4.0.4\jaxb-runtime-4.0.4.jar;C:\Users\Marco Kaul\.m2\repository\org\glassfish\jaxb\jaxb-core\4.0.4\jaxb-core-4.0.4.jar;C:\Users\Marco Kaul\.m2\repository\org\eclipse\angus\angus-activation\2.0.1\angus-activation-2.0.1.jar;C:\Users\Marco Kaul\.m2\repository\org\glassfish\jaxb\txw2\4.0.4\txw2-4.0.4.jar;C:\Users\Marco Kaul\.m2\repository\com\sun\istack\istack-commons-runtime\4.1.2\istack-commons-runtime-4.1.2.jar;C:\Users\Marco Kaul\.m2\repository\jakarta\inject\jakarta.inject-api\2.0.1\jakarta.inject-api-2.0.1.jar;C:\Users\Marco Kaul\.m2\repository\org\antlr\antlr4-runtime\4.13.0\antlr4-runtime-4.13.0.jar;C:\Users\Marco Kaul\.m2\repository\org\springframework\data\spring-data-jpa\3.2.3\spring-data-jpa-3.2.3.jar;C:\Users\Marco Kaul\.m2\repository\org\springframework\data\spring-data-commons\3.2.3\spring-data-commons-3.2.3.jar;C:\Users\Marco Kaul\.m2\repository\org\springframework\spring-orm\6.1.4\spring-orm-6.1.4.jar;C:\Users\Marco Kaul\.m2\repository\org\springframework\boot\spring-boot-starter-test\3.2.3\spring-boot-starter-test-3.2.3.jar;C:\Users\Marco Kaul\.m2\repository\org\springframework\boot\spring-boot-test\3.2.3\spring-boot-test-3.2.3.jar;C:\Users\Marco Kaul\.m2\repository\org\springframework\boot\spring-boot-test-autoconfigure\3.2.3\spring-boot-test-autoconfigure-3.2.3.jar;C:\Users\Marco Kaul\.m2\repository\com\jayway\jsonpath\json-path\2.9.0\json-path-2.9.0.jar;C:\Users\Marco Kaul\.m2\repository\jakarta\xml\bind\jakarta.xml.bind-api\4.0.1\jakarta.xml.bind-api-4.0.1.jar;C:\Users\Marco Kaul\.m2\repository\jakarta\activation\jakarta.activation-api\2.1.2\jakarta.activation-api-2.1.2.jar;C:\Users\Marco Kaul\.m2\repository\net\minidev\json-smart\2.5.0\json-smart-2.5.0.jar;C:\Users\Marco Kaul\.m2\repository\net\minidev\accessors-smart\2.5.0\accessors-smart-2.5.0.jar;C:\Users\Marco Kaul\.m2\repository\org\ow2\asm\asm\9.3\asm-9.3.jar;C:\Users\Marco Kaul\.m2\repository\org\assertj\assertj-core\3.24.2\assertj-core-3.24.2.jar;C:\Users\Marco Kaul\.m2\repository\net\bytebuddy\byte-buddy\1.14.13\byte-buddy-1.14.13.jar;C:\Users\Marco Kaul\.m2\repository\org\hamcrest\hamcrest\2.2\hamcrest-2.2.jar;C:\Users\Marco Kaul\.m2\repository\org\junit\jupiter\junit-jupiter\5.10.2\junit-jupiter-5.10.2.jar;C:\Users\Marco Kaul\.m2\repository\org\junit\jupiter\junit-jupiter-params\5.10.2\junit-jupiter-params-5.10.2.jar;C:\Users\Marco Kaul\.m2\repository\org\mockito\mockito-core\5.7.0\mockito-core-5.7.0.jar;C:\Users\Marco Kaul\.m2\repository\net\bytebuddy\byte-buddy-agent\1.14.13\byte-buddy-agent-1.14.13.jar;C:\Users\Marco Kaul\.m2\repository\org\objenesis\objenesis\3.3\objenesis-3.3.jar;C:\Users\Marco Kaul\.m2\repository\org\mockito\mockito-junit-jupiter\5.7.0\mockito-junit-jupiter-5.7.0.jar;C:\Users\Marco Kaul\.m2\repository\org\skyscreamer\jsonassert\1.5.1\jsonassert-1.5.1.jar;C:\Users\Marco Kaul\.m2\repository\com\vaadin\external\google\android-json\0.0.20131108.vaadin1\android-json-0.0.20131108.vaadin1.jar;C:\Users\Marco Kaul\.m2\repository\org\springframework\spring-core\6.1.4\spring-core-6.1.4.jar;C:\Users\Marco Kaul\.m2\repository\org\springframework\spring-jcl\6.1.4\spring-jcl-6.1.4.jar;C:\Users\Marco Kaul\.m2\repository\org\springframework\spring-test\6.1.4\spring-test-6.1.4.jar;C:\Users\Marco Kaul\.m2\repository\org\xmlunit\xmlunit-core\2.9.1\xmlunit-core-2.9.1.jar;C:\Users\Marco Kaul\.m2\repository\org\junit\jupiter\junit-jupiter-engine\5.10.2\junit-jupiter-engine-5.10.2.jar;C:\Users\Marco Kaul\.m2\repository\org\junit\platform\junit-platform-engine\1.10.2\junit-platform-engine-1.10.2.jar;C:\Users\Marco Kaul\.m2\repository\org\opentest4j\opentest4j\1.3.0\opentest4j-1.3.0.jar;C:\Users\Marco Kaul\.m2\repository\org\junit\platform\junit-platform-commons\1.10.2\junit-platform-commons-1.10.2.jar;C:\Users\Marco Kaul\.m2\repository\org\junit\jupiter\junit-jupiter-api\5.10.2\junit-jupiter-api-5.10.2.jar;C:\Users\Marco Kaul\.m2\repository\org\apiguardian\apiguardian-api\1.1.2\apiguardian-api-1.1.2.jar;C:\Users\Marco Kaul\.m2\repository\org\springframework\kafka\spring-kafka-test\3.1.2\spring-kafka-test-3.1.2.jar;C:\Users\Marco Kaul\.m2\repository\org\apache\zookeeper\zookeeper\3.8.3\zookeeper-3.8.3.jar;C:\Users\Marco Kaul\.m2\repository\org\apache\zookeeper\zookeeper-jute\3.8.3\zookeeper-jute-3.8.3.jar;C:\Users\Marco Kaul\.m2\repository\org\apache\yetus\audience-annotations\0.12.0\audience-annotations-0.12.0.jar;C:\Users\Marco Kaul\.m2\repository\io\netty\netty-handler\4.1.107.Final\netty-handler-4.1.107.Final.jar;C:\Users\Marco Kaul\.m2\repository\io\netty\netty-common\4.1.107.Final\netty-common-4.1.107.Final.jar;C:\Users\Marco Kaul\.m2\repository\io\netty\netty-resolver\4.1.107.Final\netty-resolver-4.1.107.Final.jar;C:\Users\Marco Kaul\.m2\repository\io\netty\netty-buffer\4.1.107.Final\netty-buffer-4.1.107.Final.jar;C:\Users\Marco Kaul\.m2\repository\io\netty\netty-transport\4.1.107.Final\netty-transport-4.1.107.Final.jar;C:\Users\Marco Kaul\.m2\repository\io\netty\netty-transport-native-unix-common\4.1.107.Final\netty-transport-native-unix-common-4.1.107.Final.jar;C:\Users\Marco Kaul\.m2\repository\io\netty\netty-codec\4.1.107.Final\netty-codec-4.1.107.Final.jar;C:\Users\Marco Kaul\.m2\repository\io\netty\netty-transport-native-epoll\4.1.107.Final\netty-transport-native-epoll-4.1.107.Final.jar;C:\Users\Marco Kaul\.m2\repository\io\netty\netty-transport-classes-epoll\4.1.107.Final\netty-transport-classes-epoll-4.1.107.Final.jar;C:\Users\Marco Kaul\.m2\repository\ch\qos\logback\logback-core\1.4.14\logback-core-1.4.14.jar;C:\Users\Marco Kaul\.m2\repository\ch\qos\logback\logback-classic\1.4.14\logback-classic-1.4.14.jar;C:\Users\Marco Kaul\.m2\repository\commons-io\commons-io\2.11.0\commons-io-2.11.0.jar;C:\Users\Marco Kaul\.m2\repository\org\apache\kafka\kafka-clients\3.6.1\kafka-clients-3.6.1-test.jar;C:\Users\Marco Kaul\.m2\repository\org\apache\kafka\kafka-metadata\3.6.1\kafka-metadata-3.6.1.jar;C:\Users\Marco Kaul\.m2\repository\org\apache\kafka\kafka-raft\3.6.1\kafka-raft-3.6.1.jar;C:\Users\Marco Kaul\.m2\repository\com\yammer\metrics\metrics-core\2.2.0\metrics-core-2.2.0.jar;C:\Users\Marco Kaul\.m2\repository\org\apache\kafka\kafka-server-common\3.6.1\kafka-server-common-3.6.1.jar;C:\Users\Marco Kaul\.m2\repository\net\sf\jopt-simple\jopt-simple\5.0.4\jopt-simple-5.0.4.jar;C:\Users\Marco Kaul\.m2\repository\org\pcollections\pcollections\4.0.1\pcollections-4.0.1.jar;C:\Users\Marco Kaul\.m2\repository\org\apache\kafka\kafka-server-common\3.6.1\kafka-server-common-3.6.1-test.jar;C:\Users\Marco Kaul\.m2\repository\org\apache\kafka\kafka-streams-test-utils\3.6.1\kafka-streams-test-utils-3.6.1.jar;C:\Users\Marco Kaul\.m2\repository\org\apache\kafka\kafka-streams\3.6.1\kafka-streams-3.6.1.jar;C:\Users\Marco Kaul\.m2\repository\org\rocksdb\rocksdbjni\7.9.2\rocksdbjni-7.9.2.jar;C:\Users\Marco Kaul\.m2\repository\org\apache\kafka\kafka_2.13\3.6.1\kafka_2.13-3.6.1.jar;C:\Users\Marco Kaul\.m2\repository\org\scala-lang\scala-library\2.13.11\scala-library-2.13.11.jar;C:\Users\Marco Kaul\.m2\repository\org\apache\kafka\kafka-group-coordinator\3.6.1\kafka-group-coordinator-3.6.1.jar;C:\Users\Marco Kaul\.m2\repository\org\apache\kafka\kafka-storage-api\3.6.1\kafka-storage-api-3.6.1.jar;C:\Users\Marco Kaul\.m2\repository\org\apache\kafka\kafka-tools-api\3.6.1\kafka-tools-api-3.6.1.jar;C:\Users\Marco Kaul\.m2\repository\org\apache\kafka\kafka-storage\3.6.1\kafka-storage-3.6.1.jar;C:\Users\Marco Kaul\.m2\repository\com\github\ben-manes\caffeine\caffeine\3.1.8\caffeine-3.1.8.jar;C:\Users\Marco Kaul\.m2\repository\org\checkerframework\checker-qual\3.37.0\checker-qual-3.37.0.jar;C:\Users\Marco Kaul\.m2\repository\com\google\errorprone\error_prone_annotations\2.21.1\error_prone_annotations-2.21.1.jar;C:\Users\Marco Kaul\.m2\repository\net\sourceforge\argparse4j\argparse4j\0.7.0\argparse4j-0.7.0.jar;C:\Users\Marco Kaul\.m2\repository\commons-validator\commons-validator\1.7\commons-validator-1.7.jar;C:\Users\Marco Kaul\.m2\repository\commons-beanutils\commons-beanutils\1.9.4\commons-beanutils-1.9.4.jar;C:\Users\Marco Kaul\.m2\repository\commons-digester\commons-digester\2.1\commons-digester-2.1.jar;C:\Users\Marco Kaul\.m2\repository\commons-collections\commons-collections\3.2.2\commons-collections-3.2.2.jar;C:\Users\Marco Kaul\.m2\repository\com\fasterxml\jackson\module\jackson-module-scala_2.13\2.15.4\jackson-module-scala_2.13-2.15.4.jar;C:\Users\Marco Kaul\.m2\repository\com\thoughtworks\paranamer\paranamer\2.8\paranamer-2.8.jar;C:\Users\Marco Kaul\.m2\repository\com\fasterxml\jackson\dataformat\jackson-dataformat-csv\2.15.4\jackson-dataformat-csv-2.15.4.jar;C:\Users\Marco Kaul\.m2\repository\org\bitbucket\b_c\jose4j\0.9.3\jose4j-0.9.3.jar;C:\Users\Marco Kaul\.m2\repository\org\scala-lang\modules\scala-collection-compat_2.13\2.10.0\scala-collection-compat_2.13-2.10.0.jar;C:\Users\Marco Kaul\.m2\repository\org\scala-lang\modules\scala-java8-compat_2.13\1.0.2\scala-java8-compat_2.13-1.0.2.jar;C:\Users\Marco Kaul\.m2\repository\org\scala-lang\scala-reflect\2.13.11\scala-reflect-2.13.11.jar;C:\Users\Marco Kaul\.m2\repository\com\typesafe\scala-logging\scala-logging_2.13\3.9.4\scala-logging_2.13-3.9.4.jar;C:\Users\Marco Kaul\.m2\repository\io\dropwizard\metrics\metrics-core\4.2.25\metrics-core-4.2.25.jar;C:\Users\Marco Kaul\.m2\repository\commons-cli\commons-cli\1.4\commons-cli-1.4.jar;C:\Users\Marco Kaul\.m2\repository\org\apache\kafka\kafka_2.13\3.6.1\kafka_2.13-3.6.1-test.jar;C:\Users\Marco Kaul\.m2\repository\org\junit\platform\junit-platform-launcher\1.10.2\junit-platform-launcher-1.10.2.jar;C:\Users\Marco Kaul\.m2\repository\org\testcontainers\junit-jupiter\1.19.5\junit-jupiter-1.19.5.jar;C:\Users\Marco Kaul\.m2\repository\org\testcontainers\testcontainers\1.19.5\testcontainers-1.19.5.jar;C:\Users\Marco Kaul\.m2\repository\org\apache\commons\commons-compress\1.24.0\commons-compress-1.24.0.jar;C:\Users\Marco Kaul\.m2\repository\org\rnorth\duct-tape\duct-tape\1.0.8\duct-tape-1.0.8.jar;C:\Users\Marco Kaul\.m2\repository\org\jetbrains\annotations\17.0.0\annotations-17.0.0.jar;C:\Users\Marco Kaul\.m2\repository\com\github\docker-java\docker-java-api\3.3.4\docker-java-api-3.3.4.jar;C:\Users\Marco Kaul\.m2\repository\com\github\docker-java\docker-java-transport-zerodep\3.3.4\docker-java-transport-zerodep-3.3.4.jar;C:\Users\Marco Kaul\.m2\repository\com\github\docker-java\docker-java-transport\3.3.4\docker-java-transport-3.3.4.jar;C:\Users\Marco Kaul\.m2\repository\net\java\dev\jna\jna\5.13.0\jna-5.13.0.jar;C:\Users\Marco Kaul\.m2\repository\org\testcontainers\kafka\1.19.5\kafka-1.19.5.jar;C:\Users\Marco Kaul\.m2\repository\org\awaitility\awaitility\4.2.0\awaitility-4.2.0.jar;C:\Users\Marco Kaul\.m2\repository\com\squareup\okhttp3\mockwebserver\4.12.0\mockwebserver-4.12.0.jar;C:\Users\Marco Kaul\.m2\repository\com\squareup\okhttp3\okhttp\4.12.0\okhttp-4.12.0.jar;C:\Users\Marco Kaul\.m2\repository\com\squareup\okio\okio\3.6.0\okio-3.6.0.jar;C:\Users\Marco Kaul\.m2\repository\com\squareup\okio\okio-jvm\3.6.0\okio-jvm-3.6.0.jar;C:\Users\Marco Kaul\.m2\repository\org\jetbrains\kotlin\kotlin-stdlib-common\1.9.22\kotlin-stdlib-common-1.9.22.jar;C:\Users\Marco Kaul\.m2\repository\junit\junit\4.13.2\junit-4.13.2.jar;C:\Users\Marco Kaul\.m2\repository\org\hamcrest\hamcrest-core\2.2\hamcrest-core-2.2.jar;C:\Users\Marco Kaul\.m2\repository\org\jetbrains\kotlin\kotlin-stdlib-jdk8\1.9.22\kotlin-stdlib-jdk8-1.9.22.jar;C:\Users\Marco Kaul\.m2\repository\org\jetbrains\kotlin\kotlin-stdlib\1.9.22\kotlin-stdlib-1.9.22.jar;C:\Users\Marco Kaul\.m2\repository\org\jetbrains\kotlin\kotlin-stdlib-jdk7\1.9.22\kotlin-stdlib-jdk7-1.9.22.jar;"/>
    <property name="java.vm.vendor" value="Oracle Corporation"/>
    <property name="sun.arch.data.model" value="64"/>
    <property name="user.variant" value=""/>
    <property name="java.vendor.url" value="https://java.oracle.com/"/>
    <property name="user.timezone" value="Europe/Berlin"/>
    <property name="os.name" value="Windows 10"/>
    <property name="java.vm.specification.version" value="21"/>
    <property name="sun.java.launcher" value="SUN_STANDARD"/>
    <property name="user.country" value="DE"/>
    <property name="sun.boot.library.path" value="C:\Program Files\Java\jdk-21\bin"/>
    <property name="sun.java.command" value="C:\Users\Marco Kaul\AppData\Local\Temp\surefire8288087748423958598\surefirebooter-20250622223132449_53.jar C:\Users\Marco Kaul\AppData\Local\Temp\surefire8288087748423958598 2025-06-22T22-29-41_320-jvmRun1 surefire-20250622223132449_51tmp surefire_3-20250622223132449_52tmp"/>
    <property name="jdk.debug" value="release"/>
    <property name="surefire.test.class.path" value="C:\Users\Marco Kaul\LogisticSystem\notificationviewservice\target\test-classes;C:\Users\Marco Kaul\LogisticSystem\notificationviewservice\target\classes;C:\Users\Marco Kaul\.m2\repository\org\springframework\boot\spring-boot-starter-web\3.2.3\spring-boot-starter-web-3.2.3.jar;C:\Users\Marco Kaul\.m2\repository\org\springframework\boot\spring-boot-starter\3.2.3\spring-boot-starter-3.2.3.jar;C:\Users\Marco Kaul\.m2\repository\org\springframework\boot\spring-boot\3.2.3\spring-boot-3.2.3.jar;C:\Users\Marco Kaul\.m2\repository\org\springframework\boot\spring-boot-starter-logging\3.2.3\spring-boot-starter-logging-3.2.3.jar;C:\Users\Marco Kaul\.m2\repository\org\apache\logging\log4j\log4j-to-slf4j\2.21.1\log4j-to-slf4j-2.21.1.jar;C:\Users\Marco Kaul\.m2\repository\org\apache\logging\log4j\log4j-api\2.21.1\log4j-api-2.21.1.jar;C:\Users\Marco Kaul\.m2\repository\org\slf4j\jul-to-slf4j\2.0.12\jul-to-slf4j-2.0.12.jar;C:\Users\Marco Kaul\.m2\repository\jakarta\annotation\jakarta.annotation-api\2.1.1\jakarta.annotation-api-2.1.1.jar;C:\Users\Marco Kaul\.m2\repository\org\yaml\snakeyaml\2.2\snakeyaml-2.2.jar;C:\Users\Marco Kaul\.m2\repository\org\springframework\boot\spring-boot-starter-json\3.2.3\spring-boot-starter-json-3.2.3.jar;C:\Users\Marco Kaul\.m2\repository\com\fasterxml\jackson\datatype\jackson-datatype-jdk8\2.15.4\jackson-datatype-jdk8-2.15.4.jar;C:\Users\Marco Kaul\.m2\repository\com\fasterxml\jackson\module\jackson-module-parameter-names\2.15.4\jackson-module-parameter-names-2.15.4.jar;C:\Users\Marco Kaul\.m2\repository\org\springframework\boot\spring-boot-starter-tomcat\3.2.3\spring-boot-starter-tomcat-3.2.3.jar;C:\Users\Marco Kaul\.m2\repository\org\apache\tomcat\embed\tomcat-embed-core\10.1.19\tomcat-embed-core-10.1.19.jar;C:\Users\Marco Kaul\.m2\repository\org\apache\tomcat\embed\tomcat-embed-websocket\10.1.19\tomcat-embed-websocket-10.1.19.jar;C:\Users\Marco Kaul\.m2\repository\org\springframework\spring-web\6.1.4\spring-web-6.1.4.jar;C:\Users\Marco Kaul\.m2\repository\org\springframework\spring-beans\6.1.4\spring-beans-6.1.4.jar;C:\Users\Marco Kaul\.m2\repository\org\springframework\spring-webmvc\6.1.4\spring-webmvc-6.1.4.jar;C:\Users\Marco Kaul\.m2\repository\org\springframework\spring-aop\6.1.4\spring-aop-6.1.4.jar;C:\Users\Marco Kaul\.m2\repository\org\springframework\spring-expression\6.1.4\spring-expression-6.1.4.jar;C:\Users\Marco Kaul\.m2\repository\org\springframework\boot\spring-boot-starter-actuator\3.2.3\spring-boot-starter-actuator-3.2.3.jar;C:\Users\Marco Kaul\.m2\repository\org\springframework\boot\spring-boot-actuator-autoconfigure\3.2.3\spring-boot-actuator-autoconfigure-3.2.3.jar;C:\Users\Marco Kaul\.m2\repository\org\springframework\boot\spring-boot-actuator\3.2.3\spring-boot-actuator-3.2.3.jar;C:\Users\Marco Kaul\.m2\repository\io\micrometer\micrometer-observation\1.12.3\micrometer-observation-1.12.3.jar;C:\Users\Marco Kaul\.m2\repository\io\micrometer\micrometer-commons\1.12.3\micrometer-commons-1.12.3.jar;C:\Users\Marco Kaul\.m2\repository\io\micrometer\micrometer-jakarta9\1.12.3\micrometer-jakarta9-1.12.3.jar;C:\Users\Marco Kaul\.m2\repository\io\micrometer\micrometer-core\1.12.3\micrometer-core-1.12.3.jar;C:\Users\Marco Kaul\.m2\repository\org\hdrhistogram\HdrHistogram\2.1.12\HdrHistogram-2.1.12.jar;C:\Users\Marco Kaul\.m2\repository\org\latencyutils\LatencyUtils\2.0.3\LatencyUtils-2.0.3.jar;C:\Users\Marco Kaul\.m2\repository\org\springframework\boot\spring-boot-starter-validation\3.2.3\spring-boot-starter-validation-3.2.3.jar;C:\Users\Marco Kaul\.m2\repository\org\apache\tomcat\embed\tomcat-embed-el\10.1.19\tomcat-embed-el-10.1.19.jar;C:\Users\Marco Kaul\.m2\repository\org\hibernate\validator\hibernate-validator\8.0.1.Final\hibernate-validator-8.0.1.Final.jar;C:\Users\Marco Kaul\.m2\repository\jakarta\validation\jakarta.validation-api\3.0.2\jakarta.validation-api-3.0.2.jar;C:\Users\Marco Kaul\.m2\repository\org\jboss\logging\jboss-logging\3.5.3.Final\jboss-logging-3.5.3.Final.jar;C:\Users\Marco Kaul\.m2\repository\com\fasterxml\classmate\1.6.0\classmate-1.6.0.jar;C:\Users\Marco Kaul\.m2\repository\org\springframework\kafka\spring-kafka\3.1.2\spring-kafka-3.1.2.jar;C:\Users\Marco Kaul\.m2\repository\org\springframework\spring-context\6.1.4\spring-context-6.1.4.jar;C:\Users\Marco Kaul\.m2\repository\org\springframework\spring-messaging\6.1.4\spring-messaging-6.1.4.jar;C:\Users\Marco Kaul\.m2\repository\org\springframework\spring-tx\6.1.4\spring-tx-6.1.4.jar;C:\Users\Marco Kaul\.m2\repository\org\apache\kafka\kafka-clients\3.6.1\kafka-clients-3.6.1.jar;C:\Users\Marco Kaul\.m2\repository\com\github\luben\zstd-jni\1.5.5-1\zstd-jni-1.5.5-1.jar;C:\Users\Marco Kaul\.m2\repository\org\lz4\lz4-java\1.8.0\lz4-java-1.8.0.jar;C:\Users\Marco Kaul\.m2\repository\org\xerial\snappy\snappy-java\1.1.10.5\snappy-java-1.1.10.5.jar;C:\Users\Marco Kaul\.m2\repository\org\slf4j\slf4j-api\2.0.12\slf4j-api-2.0.12.jar;C:\Users\Marco Kaul\.m2\repository\com\google\code\findbugs\jsr305\3.0.2\jsr305-3.0.2.jar;C:\Users\Marco Kaul\.m2\repository\org\springframework\retry\spring-retry\2.0.5\spring-retry-2.0.5.jar;C:\Users\Marco Kaul\.m2\repository\org\springframework\spring-aspects\6.1.4\spring-aspects-6.1.4.jar;C:\Users\Marco Kaul\.m2\repository\org\aspectj\aspectjweaver\1.9.21\aspectjweaver-1.9.21.jar;C:\Users\Marco Kaul\LogisticSystem\shared\target\shared-0.0.1-SNAPSHOT.jar;C:\Users\Marco Kaul\.m2\repository\com\fasterxml\jackson\core\jackson-databind\2.15.4\jackson-databind-2.15.4.jar;C:\Users\Marco Kaul\.m2\repository\com\fasterxml\jackson\core\jackson-annotations\2.15.4\jackson-annotations-2.15.4.jar;C:\Users\Marco Kaul\.m2\repository\com\fasterxml\jackson\core\jackson-core\2.15.4\jackson-core-2.15.4.jar;C:\Users\Marco Kaul\.m2\repository\com\fasterxml\jackson\datatype\jackson-datatype-jsr310\2.15.4\jackson-datatype-jsr310-2.15.4.jar;C:\Users\Marco Kaul\.m2\repository\org\springframework\boot\spring-boot-autoconfigure\3.2.3\spring-boot-autoconfigure-3.2.3.jar;C:\Users\Marco Kaul\.m2\repository\org\springframework\boot\spring-boot-starter-data-jpa\3.2.3\spring-boot-starter-data-jpa-3.2.3.jar;C:\Users\Marco Kaul\.m2\repository\org\springframework\boot\spring-boot-starter-aop\3.2.3\spring-boot-starter-aop-3.2.3.jar;C:\Users\Marco Kaul\.m2\repository\org\springframework\boot\spring-boot-starter-jdbc\3.2.3\spring-boot-starter-jdbc-3.2.3.jar;C:\Users\Marco Kaul\.m2\repository\com\zaxxer\HikariCP\5.0.1\HikariCP-5.0.1.jar;C:\Users\Marco Kaul\.m2\repository\org\springframework\spring-jdbc\6.1.4\spring-jdbc-6.1.4.jar;C:\Users\Marco Kaul\.m2\repository\org\hibernate\orm\hibernate-core\6.4.4.Final\hibernate-core-6.4.4.Final.jar;C:\Users\Marco Kaul\.m2\repository\jakarta\persistence\jakarta.persistence-api\3.1.0\jakarta.persistence-api-3.1.0.jar;C:\Users\Marco Kaul\.m2\repository\jakarta\transaction\jakarta.transaction-api\2.0.1\jakarta.transaction-api-2.0.1.jar;C:\Users\Marco Kaul\.m2\repository\org\hibernate\common\hibernate-commons-annotations\6.0.6.Final\hibernate-commons-annotations-6.0.6.Final.jar;C:\Users\Marco Kaul\.m2\repository\io\smallrye\jandex\3.1.2\jandex-3.1.2.jar;C:\Users\Marco Kaul\.m2\repository\org\glassfish\jaxb\jaxb-runtime\4.0.4\jaxb-runtime-4.0.4.jar;C:\Users\Marco Kaul\.m2\repository\org\glassfish\jaxb\jaxb-core\4.0.4\jaxb-core-4.0.4.jar;C:\Users\Marco Kaul\.m2\repository\org\eclipse\angus\angus-activation\2.0.1\angus-activation-2.0.1.jar;C:\Users\Marco Kaul\.m2\repository\org\glassfish\jaxb\txw2\4.0.4\txw2-4.0.4.jar;C:\Users\Marco Kaul\.m2\repository\com\sun\istack\istack-commons-runtime\4.1.2\istack-commons-runtime-4.1.2.jar;C:\Users\Marco Kaul\.m2\repository\jakarta\inject\jakarta.inject-api\2.0.1\jakarta.inject-api-2.0.1.jar;C:\Users\Marco Kaul\.m2\repository\org\antlr\antlr4-runtime\4.13.0\antlr4-runtime-4.13.0.jar;C:\Users\Marco Kaul\.m2\repository\org\springframework\data\spring-data-jpa\3.2.3\spring-data-jpa-3.2.3.jar;C:\Users\Marco Kaul\.m2\repository\org\springframework\data\spring-data-commons\3.2.3\spring-data-commons-3.2.3.jar;C:\Users\Marco Kaul\.m2\repository\org\springframework\spring-orm\6.1.4\spring-orm-6.1.4.jar;C:\Users\Marco Kaul\.m2\repository\org\springframework\boot\spring-boot-starter-test\3.2.3\spring-boot-starter-test-3.2.3.jar;C:\Users\Marco Kaul\.m2\repository\org\springframework\boot\spring-boot-test\3.2.3\spring-boot-test-3.2.3.jar;C:\Users\Marco Kaul\.m2\repository\org\springframework\boot\spring-boot-test-autoconfigure\3.2.3\spring-boot-test-autoconfigure-3.2.3.jar;C:\Users\Marco Kaul\.m2\repository\com\jayway\jsonpath\json-path\2.9.0\json-path-2.9.0.jar;C:\Users\Marco Kaul\.m2\repository\jakarta\xml\bind\jakarta.xml.bind-api\4.0.1\jakarta.xml.bind-api-4.0.1.jar;C:\Users\Marco Kaul\.m2\repository\jakarta\activation\jakarta.activation-api\2.1.2\jakarta.activation-api-2.1.2.jar;C:\Users\Marco Kaul\.m2\repository\net\minidev\json-smart\2.5.0\json-smart-2.5.0.jar;C:\Users\Marco Kaul\.m2\repository\net\minidev\accessors-smart\2.5.0\accessors-smart-2.5.0.jar;C:\Users\Marco Kaul\.m2\repository\org\ow2\asm\asm\9.3\asm-9.3.jar;C:\Users\Marco Kaul\.m2\repository\org\assertj\assertj-core\3.24.2\assertj-core-3.24.2.jar;C:\Users\Marco Kaul\.m2\repository\net\bytebuddy\byte-buddy\1.14.13\byte-buddy-1.14.13.jar;C:\Users\Marco Kaul\.m2\repository\org\hamcrest\hamcrest\2.2\hamcrest-2.2.jar;C:\Users\Marco Kaul\.m2\repository\org\junit\jupiter\junit-jupiter\5.10.2\junit-jupiter-5.10.2.jar;C:\Users\Marco Kaul\.m2\repository\org\junit\jupiter\junit-jupiter-params\5.10.2\junit-jupiter-params-5.10.2.jar;C:\Users\Marco Kaul\.m2\repository\org\mockito\mockito-core\5.7.0\mockito-core-5.7.0.jar;C:\Users\Marco Kaul\.m2\repository\net\bytebuddy\byte-buddy-agent\1.14.13\byte-buddy-agent-1.14.13.jar;C:\Users\Marco Kaul\.m2\repository\org\objenesis\objenesis\3.3\objenesis-3.3.jar;C:\Users\Marco Kaul\.m2\repository\org\mockito\mockito-junit-jupiter\5.7.0\mockito-junit-jupiter-5.7.0.jar;C:\Users\Marco Kaul\.m2\repository\org\skyscreamer\jsonassert\1.5.1\jsonassert-1.5.1.jar;C:\Users\Marco Kaul\.m2\repository\com\vaadin\external\google\android-json\0.0.20131108.vaadin1\android-json-0.0.20131108.vaadin1.jar;C:\Users\Marco Kaul\.m2\repository\org\springframework\spring-core\6.1.4\spring-core-6.1.4.jar;C:\Users\Marco Kaul\.m2\repository\org\springframework\spring-jcl\6.1.4\spring-jcl-6.1.4.jar;C:\Users\Marco Kaul\.m2\repository\org\springframework\spring-test\6.1.4\spring-test-6.1.4.jar;C:\Users\Marco Kaul\.m2\repository\org\xmlunit\xmlunit-core\2.9.1\xmlunit-core-2.9.1.jar;C:\Users\Marco Kaul\.m2\repository\org\junit\jupiter\junit-jupiter-engine\5.10.2\junit-jupiter-engine-5.10.2.jar;C:\Users\Marco Kaul\.m2\repository\org\junit\platform\junit-platform-engine\1.10.2\junit-platform-engine-1.10.2.jar;C:\Users\Marco Kaul\.m2\repository\org\opentest4j\opentest4j\1.3.0\opentest4j-1.3.0.jar;C:\Users\Marco Kaul\.m2\repository\org\junit\platform\junit-platform-commons\1.10.2\junit-platform-commons-1.10.2.jar;C:\Users\Marco Kaul\.m2\repository\org\junit\jupiter\junit-jupiter-api\5.10.2\junit-jupiter-api-5.10.2.jar;C:\Users\Marco Kaul\.m2\repository\org\apiguardian\apiguardian-api\1.1.2\apiguardian-api-1.1.2.jar;C:\Users\Marco Kaul\.m2\repository\org\springframework\kafka\spring-kafka-test\3.1.2\spring-kafka-test-3.1.2.jar;C:\Users\Marco Kaul\.m2\repository\org\apache\zookeeper\zookeeper\3.8.3\zookeeper-3.8.3.jar;C:\Users\Marco Kaul\.m2\repository\org\apache\zookeeper\zookeeper-jute\3.8.3\zookeeper-jute-3.8.3.jar;C:\Users\Marco Kaul\.m2\repository\org\apache\yetus\audience-annotations\0.12.0\audience-annotations-0.12.0.jar;C:\Users\Marco Kaul\.m2\repository\io\netty\netty-handler\4.1.107.Final\netty-handler-4.1.107.Final.jar;C:\Users\Marco Kaul\.m2\repository\io\netty\netty-common\4.1.107.Final\netty-common-4.1.107.Final.jar;C:\Users\Marco Kaul\.m2\repository\io\netty\netty-resolver\4.1.107.Final\netty-resolver-4.1.107.Final.jar;C:\Users\Marco Kaul\.m2\repository\io\netty\netty-buffer\4.1.107.Final\netty-buffer-4.1.107.Final.jar;C:\Users\Marco Kaul\.m2\repository\io\netty\netty-transport\4.1.107.Final\netty-transport-4.1.107.Final.jar;C:\Users\Marco Kaul\.m2\repository\io\netty\netty-transport-native-unix-common\4.1.107.Final\netty-transport-native-unix-common-4.1.107.Final.jar;C:\Users\Marco Kaul\.m2\repository\io\netty\netty-codec\4.1.107.Final\netty-codec-4.1.107.Final.jar;C:\Users\Marco Kaul\.m2\repository\io\netty\netty-transport-native-epoll\4.1.107.Final\netty-transport-native-epoll-4.1.107.Final.jar;C:\Users\Marco Kaul\.m2\repository\io\netty\netty-transport-classes-epoll\4.1.107.Final\netty-transport-classes-epoll-4.1.107.Final.jar;C:\Users\Marco Kaul\.m2\repository\ch\qos\logback\logback-core\1.4.14\logback-core-1.4.14.jar;C:\Users\Marco Kaul\.m2\repository\ch\qos\logback\logback-classic\1.4.14\logback-classic-1.4.14.jar;C:\Users\Marco Kaul\.m2\repository\commons-io\commons-io\2.11.0\commons-io-2.11.0.jar;C:\Users\Marco Kaul\.m2\repository\org\apache\kafka\kafka-clients\3.6.1\kafka-clients-3.6.1-test.jar;C:\Users\Marco Kaul\.m2\repository\org\apache\kafka\kafka-metadata\3.6.1\kafka-metadata-3.6.1.jar;C:\Users\Marco Kaul\.m2\repository\org\apache\kafka\kafka-raft\3.6.1\kafka-raft-3.6.1.jar;C:\Users\Marco Kaul\.m2\repository\com\yammer\metrics\metrics-core\2.2.0\metrics-core-2.2.0.jar;C:\Users\Marco Kaul\.m2\repository\org\apache\kafka\kafka-server-common\3.6.1\kafka-server-common-3.6.1.jar;C:\Users\Marco Kaul\.m2\repository\net\sf\jopt-simple\jopt-simple\5.0.4\jopt-simple-5.0.4.jar;C:\Users\Marco Kaul\.m2\repository\org\pcollections\pcollections\4.0.1\pcollections-4.0.1.jar;C:\Users\Marco Kaul\.m2\repository\org\apache\kafka\kafka-server-common\3.6.1\kafka-server-common-3.6.1-test.jar;C:\Users\Marco Kaul\.m2\repository\org\apache\kafka\kafka-streams-test-utils\3.6.1\kafka-streams-test-utils-3.6.1.jar;C:\Users\Marco Kaul\.m2\repository\org\apache\kafka\kafka-streams\3.6.1\kafka-streams-3.6.1.jar;C:\Users\Marco Kaul\.m2\repository\org\rocksdb\rocksdbjni\7.9.2\rocksdbjni-7.9.2.jar;C:\Users\Marco Kaul\.m2\repository\org\apache\kafka\kafka_2.13\3.6.1\kafka_2.13-3.6.1.jar;C:\Users\Marco Kaul\.m2\repository\org\scala-lang\scala-library\2.13.11\scala-library-2.13.11.jar;C:\Users\Marco Kaul\.m2\repository\org\apache\kafka\kafka-group-coordinator\3.6.1\kafka-group-coordinator-3.6.1.jar;C:\Users\Marco Kaul\.m2\repository\org\apache\kafka\kafka-storage-api\3.6.1\kafka-storage-api-3.6.1.jar;C:\Users\Marco Kaul\.m2\repository\org\apache\kafka\kafka-tools-api\3.6.1\kafka-tools-api-3.6.1.jar;C:\Users\Marco Kaul\.m2\repository\org\apache\kafka\kafka-storage\3.6.1\kafka-storage-3.6.1.jar;C:\Users\Marco Kaul\.m2\repository\com\github\ben-manes\caffeine\caffeine\3.1.8\caffeine-3.1.8.jar;C:\Users\Marco Kaul\.m2\repository\org\checkerframework\checker-qual\3.37.0\checker-qual-3.37.0.jar;C:\Users\Marco Kaul\.m2\repository\com\google\errorprone\error_prone_annotations\2.21.1\error_prone_annotations-2.21.1.jar;C:\Users\Marco Kaul\.m2\repository\net\sourceforge\argparse4j\argparse4j\0.7.0\argparse4j-0.7.0.jar;C:\Users\Marco Kaul\.m2\repository\commons-validator\commons-validator\1.7\commons-validator-1.7.jar;C:\Users\Marco Kaul\.m2\repository\commons-beanutils\commons-beanutils\1.9.4\commons-beanutils-1.9.4.jar;C:\Users\Marco Kaul\.m2\repository\commons-digester\commons-digester\2.1\commons-digester-2.1.jar;C:\Users\Marco Kaul\.m2\repository\commons-collections\commons-collections\3.2.2\commons-collections-3.2.2.jar;C:\Users\Marco Kaul\.m2\repository\com\fasterxml\jackson\module\jackson-module-scala_2.13\2.15.4\jackson-module-scala_2.13-2.15.4.jar;C:\Users\Marco Kaul\.m2\repository\com\thoughtworks\paranamer\paranamer\2.8\paranamer-2.8.jar;C:\Users\Marco Kaul\.m2\repository\com\fasterxml\jackson\dataformat\jackson-dataformat-csv\2.15.4\jackson-dataformat-csv-2.15.4.jar;C:\Users\Marco Kaul\.m2\repository\org\bitbucket\b_c\jose4j\0.9.3\jose4j-0.9.3.jar;C:\Users\Marco Kaul\.m2\repository\org\scala-lang\modules\scala-collection-compat_2.13\2.10.0\scala-collection-compat_2.13-2.10.0.jar;C:\Users\Marco Kaul\.m2\repository\org\scala-lang\modules\scala-java8-compat_2.13\1.0.2\scala-java8-compat_2.13-1.0.2.jar;C:\Users\Marco Kaul\.m2\repository\org\scala-lang\scala-reflect\2.13.11\scala-reflect-2.13.11.jar;C:\Users\Marco Kaul\.m2\repository\com\typesafe\scala-logging\scala-logging_2.13\3.9.4\scala-logging_2.13-3.9.4.jar;C:\Users\Marco Kaul\.m2\repository\io\dropwizard\metrics\metrics-core\4.2.25\metrics-core-4.2.25.jar;C:\Users\Marco Kaul\.m2\repository\commons-cli\commons-cli\1.4\commons-cli-1.4.jar;C:\Users\Marco Kaul\.m2\repository\org\apache\kafka\kafka_2.13\3.6.1\kafka_2.13-3.6.1-test.jar;C:\Users\Marco Kaul\.m2\repository\org\junit\platform\junit-platform-launcher\1.10.2\junit-platform-launcher-1.10.2.jar;C:\Users\Marco Kaul\.m2\repository\org\testcontainers\junit-jupiter\1.19.5\junit-jupiter-1.19.5.jar;C:\Users\Marco Kaul\.m2\repository\org\testcontainers\testcontainers\1.19.5\testcontainers-1.19.5.jar;C:\Users\Marco Kaul\.m2\repository\org\apache\commons\commons-compress\1.24.0\commons-compress-1.24.0.jar;C:\Users\Marco Kaul\.m2\repository\org\rnorth\duct-tape\duct-tape\1.0.8\duct-tape-1.0.8.jar;C:\Users\Marco Kaul\.m2\repository\org\jetbrains\annotations\17.0.0\annotations-17.0.0.jar;C:\Users\Marco Kaul\.m2\repository\com\github\docker-java\docker-java-api\3.3.4\docker-java-api-3.3.4.jar;C:\Users\Marco Kaul\.m2\repository\com\github\docker-java\docker-java-transport-zerodep\3.3.4\docker-java-transport-zerodep-3.3.4.jar;C:\Users\Marco Kaul\.m2\repository\com\github\docker-java\docker-java-transport\3.3.4\docker-java-transport-3.3.4.jar;C:\Users\Marco Kaul\.m2\repository\net\java\dev\jna\jna\5.13.0\jna-5.13.0.jar;C:\Users\Marco Kaul\.m2\repository\org\testcontainers\kafka\1.19.5\kafka-1.19.5.jar;C:\Users\Marco Kaul\.m2\repository\org\awaitility\awaitility\4.2.0\awaitility-4.2.0.jar;C:\Users\Marco Kaul\.m2\repository\com\squareup\okhttp3\mockwebserver\4.12.0\mockwebserver-4.12.0.jar;C:\Users\Marco Kaul\.m2\repository\com\squareup\okhttp3\okhttp\4.12.0\okhttp-4.12.0.jar;C:\Users\Marco Kaul\.m2\repository\com\squareup\okio\okio\3.6.0\okio-3.6.0.jar;C:\Users\Marco Kaul\.m2\repository\com\squareup\okio\okio-jvm\3.6.0\okio-jvm-3.6.0.jar;C:\Users\Marco Kaul\.m2\repository\org\jetbrains\kotlin\kotlin-stdlib-common\1.9.22\kotlin-stdlib-common-1.9.22.jar;C:\Users\Marco Kaul\.m2\repository\junit\junit\4.13.2\junit-4.13.2.jar;C:\Users\Marco Kaul\.m2\repository\org\hamcrest\hamcrest-core\2.2\hamcrest-core-2.2.jar;C:\Users\Marco Kaul\.m2\repository\org\jetbrains\kotlin\kotlin-stdlib-jdk8\1.9.22\kotlin-stdlib-jdk8-1.9.22.jar;C:\Users\Marco Kaul\.m2\repository\org\jetbrains\kotlin\kotlin-stdlib\1.9.22\kotlin-stdlib-1.9.22.jar;C:\Users\Marco Kaul\.m2\repository\org\jetbrains\kotlin\kotlin-stdlib-jdk7\1.9.22\kotlin-stdlib-jdk7-1.9.22.jar;"/>
    <property name="sun.cpu.endian" value="little"/>
    <property name="user.home" value="C:\Users\Marco Kaul"/>
    <property name="user.language" value="de"/>
    <property name="java.specification.vendor" value="Oracle Corporation"/>
    <property name="java.version.date" value="2025-04-15"/>
    <property name="java.home" value="C:\Program Files\Java\jdk-21"/>
    <property name="file.separator" value="\"/>
    <property name="basedir" value="C:\Users\Marco Kaul\LogisticSystem\notificationviewservice"/>
    <property name="java.vm.compressedOopsMode" value="Zero based"/>
    <property name="line.separator" value="&#10;"/>
    <property name="java.vm.specification.vendor" value="Oracle Corporation"/>
    <property name="java.specification.name" value="Java Platform API Specification"/>
    <property name="surefire.real.class.path" value="C:\Users\Marco Kaul\AppData\Local\Temp\surefire8288087748423958598\surefirebooter-20250622223132449_53.jar"/>
    <property name="user.script" value=""/>
    <property name="sun.management.compiler" value="HotSpot 64-Bit Tiered Compilers"/>
    <property name="java.runtime.version" value="21.0.7+8-LTS-245"/>
    <property name="user.name" value="Marco Kaul"/>
    <property name="stdout.encoding" value="Cp1252"/>
    <property name="path.separator" value=";"/>
    <property name="os.version" value="10.0"/>
    <property name="java.runtime.name" value="Java(TM) SE Runtime Environment"/>
    <property name="file.encoding" value="UTF-8"/>
    <property name="java.vm.name" value="Java HotSpot(TM) 64-Bit Server VM"/>
    <property name="localRepository" value="C:\Users\Marco Kaul\.m2\repository"/>
    <property name="java.vendor.url.bug" value="https://bugreport.java.com/bugreport/"/>
    <property name="java.io.tmpdir" value="C:\Users\MARCOK~1\AppData\Local\Temp\"/>
    <property name="java.version" value="21.0.7"/>
    <property name="user.dir" value="C:\Users\Marco Kaul\LogisticSystem\notificationviewservice"/>
    <property name="os.arch" value="amd64"/>
    <property name="java.vm.specification.name" value="Java Virtual Machine Specification"/>
    <property name="sun.os.patch.level" value=""/>
    <property name="native.encoding" value="Cp1252"/>
    <property name="java.library.path" value="C:\Program Files\Java\jdk-21\bin;C:\Windows\Sun\Java\bin;C:\Windows\system32;C:\Windows;C:\Users\Marco Kaul\AppData\Local\Microsoft\WindowsApps;C:\Users\Marco Kaul\AppData\Local\GitHubDesktop\bin;C:\Users\Marco Kaul\AppData\Local\Programs\Microsoft VS Code\bin;C:\Program Files\JetBrains\IntelliJ IDEA 2024.3.5\bin;C:\Program Files\Docker\Docker\resources\bin;C:\Program Files\apache-maven-3.9.9\bin;C:\Program Files\Git\cmd;C:\Users\Marco Kaul\AppData\Local\Programs\Python\Launcher\;C:\Users\Marco Kaul\AppData\Local\Microsoft\WindowsApps;C:\Users\Marco Kaul\AppData\Local\GitHubDesktop\bin;C:\Users\Marco Kaul\AppData\Local\Programs\Microsoft VS Code\bin;C:\Program Files\JetBrains\IntelliJ IDEA 2024.3.5\bin;;C:\Program Files\Docker\Docker\resources\bin;C:\Program Files\apache-maven-3.9.9\bin;C:\Program Files\Java\jdk-21\bin;C:\Windows\System32\OpenSSH;C:\Users\Marco Kaul\flutter\bin;C:\Program Files\Git\bin;C:\Program Files\Git\cmd;C:\Windows\System32;C:\Windows\System32\WindowsPowerShell\v1.0;A:\My Games\Airshipper;;."/>
    <property name="java.vm.info" value="mixed mode, sharing"/>
    <property name="stderr.encoding" value="Cp1252"/>
    <property name="java.vendor" value="Oracle Corporation"/>
    <property name="java.vm.version" value="21.0.7+8-LTS-245"/>
    <property name="sun.io.unicode.encoding" value="UnicodeLittle"/>
    <property name="java.class.version" value="65.0"/>
  </properties>
  <testcase name="shouldAcknowledgeWhenShipmentIdIsNullInShipmentDeliveredEvent" classname="com.luckypets.logistics.notificationviewservice.listener.ShipmentEventListenerTest" time="1.025">
    <system-out><![CDATA[22:31:34.238 [main] INFO com.luckypets.logistics.notificationviewservice.listener.ShipmentEventListener -- ShipmentEventListener initialized
22:31:34.245 [main] INFO com.luckypets.logistics.notificationviewservice.listener.ShipmentEventListener -- 🎯 RECEIVED ShipmentDeliveredEvent from topic: topic, partition: 0, offset: 0
22:31:34.247 [main] INFO com.luckypets.logistics.notificationviewservice.listener.ShipmentEventListener -- 🚚 Event details: ShipmentDeliveredEvent{correlationId='b8d805ba-d247-466a-aa5a-d14123ead722', timestamp=2025-06-22T20:31:34.245010Z, version='v1'}
22:31:34.247 [main] ERROR com.luckypets.logistics.notificationviewservice.listener.ShipmentEventListener -- ❌ Received event with null or empty shipmentId: ShipmentDeliveredEvent{correlationId='b8d805ba-d247-466a-aa5a-d14123ead722', timestamp=2025-06-22T20:31:34.245010Z, version='v1'}
]]></system-out>
    <system-err><![CDATA[WARNING: A Java agent has been loaded dynamically (C:\Users\Marco Kaul\.m2\repository\net\bytebuddy\byte-buddy-agent\1.14.13\byte-buddy-agent-1.14.13.jar)
WARNING: If a serviceability tool is in use, please run with -XX:+EnableDynamicAgentLoading to hide this warning
WARNING: If a serviceability tool is not in use, please run with -Djdk.instrument.traceUsage for more information
WARNING: Dynamic loading of agents will be disallowed by default in a future release
]]></system-err>
  </testcase>
  <testcase name="shouldAcknowledgeWhenShipmentIdIsNullInShipmentCreatedEvent" classname="com.luckypets.logistics.notificationviewservice.listener.ShipmentEventListenerTest" time="0.004">
    <system-out><![CDATA[22:31:34.287 [main] INFO com.luckypets.logistics.notificationviewservice.listener.ShipmentEventListener -- ShipmentEventListener initialized
22:31:34.288 [main] INFO com.luckypets.logistics.notificationviewservice.listener.ShipmentEventListener -- 🎯 RECEIVED ShipmentCreatedEvent from topic: topic, partition: 0, offset: 0
22:31:34.288 [main] INFO com.luckypets.logistics.notificationviewservice.listener.ShipmentEventListener -- 📦 Event details: ShipmentCreatedEvent{correlationId='0173d298-39b0-47df-bac8-c69417a24d4d', timestamp=2025-06-22T20:31:34.288013900Z, version='v1'}
22:31:34.288 [main] ERROR com.luckypets.logistics.notificationviewservice.listener.ShipmentEventListener -- ❌ Received event with null or empty shipmentId: ShipmentCreatedEvent{correlationId='0173d298-39b0-47df-bac8-c69417a24d4d', timestamp=2025-06-22T20:31:34.288013900Z, version='v1'}
]]></system-out>
  </testcase>
  <testcase name="shouldAcknowledgeWhenShipmentIdIsNullInShipmentScannedEvent" classname="com.luckypets.logistics.notificationviewservice.listener.ShipmentEventListenerTest" time="0.004">
    <system-out><![CDATA[22:31:34.292 [main] INFO com.luckypets.logistics.notificationviewservice.listener.ShipmentEventListener -- ShipmentEventListener initialized
22:31:34.293 [main] INFO com.luckypets.logistics.notificationviewservice.listener.ShipmentEventListener -- 🎯 RECEIVED ShipmentScannedEvent from topic: topic, partition: 0, offset: 0
22:31:34.293 [main] INFO com.luckypets.logistics.notificationviewservice.listener.ShipmentEventListener -- 📍 Event details: ShipmentScannedEvent{correlationId='5c3b3ebb-21d7-42ea-b2bf-9fcc545a9549', timestamp=2025-06-22T20:31:34.293013700Z, version='v1'}
22:31:34.293 [main] ERROR com.luckypets.logistics.notificationviewservice.listener.ShipmentEventListener -- ❌ Received event with null or empty shipmentId: ShipmentScannedEvent{correlationId='5c3b3ebb-21d7-42ea-b2bf-9fcc545a9549', timestamp=2025-06-22T20:31:34.293013700Z, version='v1'}
]]></system-out>
  </testcase>
  <testcase name="shouldHandleShipmentDeliveredEventCorrectly" classname="com.luckypets.logistics.notificationviewservice.listener.ShipmentEventListenerTest" time="0.013">
    <system-out><![CDATA[22:31:34.297 [main] INFO com.luckypets.logistics.notificationviewservice.listener.ShipmentEventListener -- ShipmentEventListener initialized
22:31:34.302 [main] INFO com.luckypets.logistics.notificationviewservice.listener.ShipmentEventListener -- 🎯 RECEIVED ShipmentDeliveredEvent from topic: topic, partition: 0, offset: 0
22:31:34.302 [main] INFO com.luckypets.logistics.notificationviewservice.listener.ShipmentEventListener -- 🚚 Event details: ShipmentDeliveredEvent{correlationId='18f1ab29-dffd-4d13-927c-b3ea0c015cde', timestamp=2025-06-22T20:31:34.297011300Z, version='v1'}
22:31:34.302 [main] INFO com.luckypets.logistics.notificationviewservice.listener.ShipmentEventListener -- 🔄 Processing ShipmentDeliveredEvent for shipment: SHIP-789
22:31:34.306 [main] INFO com.luckypets.logistics.notificationviewservice.listener.ShipmentEventListener -- ✅ Successfully saved notification: b0fd2151-a6ee-4517-9d33-5efdf6fe6818
22:31:34.307 [main] INFO com.luckypets.logistics.notificationviewservice.listener.ShipmentEventListener -- 📊 Total notifications in system: 1
]]></system-out>
  </testcase>
  <testcase name="shouldAcknowledgeWhenShipmentIdIsEmptyInShipmentCreatedEvent" classname="com.luckypets.logistics.notificationviewservice.listener.ShipmentEventListenerTest" time="0.004">
    <system-out><![CDATA[22:31:34.311 [main] INFO com.luckypets.logistics.notificationviewservice.listener.ShipmentEventListener -- ShipmentEventListener initialized
22:31:34.312 [main] INFO com.luckypets.logistics.notificationviewservice.listener.ShipmentEventListener -- 🎯 RECEIVED ShipmentCreatedEvent from topic: topic, partition: 0, offset: 0
22:31:34.312 [main] INFO com.luckypets.logistics.notificationviewservice.listener.ShipmentEventListener -- 📦 Event details: ShipmentCreatedEvent{correlationId='b42a33fc-8d0f-4136-b9d3-7cb4f2356d5c', timestamp=2025-06-22T20:31:34.312010700Z, version='v1'}
22:31:34.312 [main] ERROR com.luckypets.logistics.notificationviewservice.listener.ShipmentEventListener -- ❌ Received event with null or empty shipmentId: ShipmentCreatedEvent{correlationId='b42a33fc-8d0f-4136-b9d3-7cb4f2356d5c', timestamp=2025-06-22T20:31:34.312010700Z, version='v1'}
]]></system-out>
  </testcase>
  <testcase name="shouldHandleShipmentScannedEventCorrectly" classname="com.luckypets.logistics.notificationviewservice.listener.ShipmentEventListenerTest" time="0.004">
    <system-out><![CDATA[22:31:34.315 [main] INFO com.luckypets.logistics.notificationviewservice.listener.ShipmentEventListener -- ShipmentEventListener initialized
22:31:34.316 [main] INFO com.luckypets.logistics.notificationviewservice.listener.ShipmentEventListener -- 🎯 RECEIVED ShipmentScannedEvent from topic: topic, partition: 0, offset: 0
22:31:34.316 [main] INFO com.luckypets.logistics.notificationviewservice.listener.ShipmentEventListener -- 📍 Event details: ShipmentScannedEvent{correlationId='a32e5143-de57-4be2-83b6-4f015e798430', timestamp=2025-06-22T20:31:34.315011400Z, version='v1'}
22:31:34.316 [main] INFO com.luckypets.logistics.notificationviewservice.listener.ShipmentEventListener -- 🔄 Processing ShipmentScannedEvent for shipment: SHIP-456
22:31:34.317 [main] INFO com.luckypets.logistics.notificationviewservice.listener.ShipmentEventListener -- ✅ Successfully saved notification: 4239cab8-17d2-4b8a-b2f0-abbd5b7b323c
22:31:34.317 [main] INFO com.luckypets.logistics.notificationviewservice.listener.ShipmentEventListener -- 📊 Total notifications in system: 1
]]></system-out>
  </testcase>
  <testcase name="shouldThrowExceptionWhenServiceFailsForShipmentCreatedEvent" classname="com.luckypets.logistics.notificationviewservice.listener.ShipmentEventListenerTest" time="0.012">
    <system-out><![CDATA[22:31:34.320 [main] INFO com.luckypets.logistics.notificationviewservice.listener.ShipmentEventListener -- ShipmentEventListener initialized
22:31:34.326 [main] INFO com.luckypets.logistics.notificationviewservice.listener.ShipmentEventListener -- 🎯 RECEIVED ShipmentCreatedEvent from topic: topic, partition: 0, offset: 0
22:31:34.326 [main] INFO com.luckypets.logistics.notificationviewservice.listener.ShipmentEventListener -- 📦 Event details: ShipmentCreatedEvent{correlationId='1ff4af38-4700-473d-bdc0-e244b3df069b', timestamp=2025-06-22T20:31:34.321011100Z, version='v1'}
22:31:34.326 [main] INFO com.luckypets.logistics.notificationviewservice.listener.ShipmentEventListener -- 🔄 Processing ShipmentCreatedEvent for shipment: SHIP-123
22:31:34.327 [main] ERROR com.luckypets.logistics.notificationviewservice.listener.ShipmentEventListener -- ❌ Error processing shipment created event: ShipmentCreatedEvent{correlationId='1ff4af38-4700-473d-bdc0-e244b3df069b', timestamp=2025-06-22T20:31:34.321011100Z, version='v1'}
java.lang.RuntimeException: Service error
	at com.luckypets.logistics.notificationviewservice.listener.ShipmentEventListener.handleShipmentCreated(ShipmentEventListener.java:67)
	at com.luckypets.logistics.notificationviewservice.listener.ShipmentEventListenerTest.lambda$shouldThrowExceptionWhenServiceFailsForShipmentCreatedEvent$0(ShipmentEventListenerTest.java:92)
	at org.junit.jupiter.api.AssertThrows.assertThrows(AssertThrows.java:53)
	at org.junit.jupiter.api.AssertThrows.assertThrows(AssertThrows.java:35)
	at org.junit.jupiter.api.Assertions.assertThrows(Assertions.java:3115)
	at com.luckypets.logistics.notificationviewservice.listener.ShipmentEventListenerTest.shouldThrowExceptionWhenServiceFailsForShipmentCreatedEvent(ShipmentEventListenerTest.java:91)
	at java.base/jdk.internal.reflect.DirectMethodHandleAccessor.invoke(DirectMethodHandleAccessor.java:103)
	at java.base/java.lang.reflect.Method.invoke(Method.java:580)
	at org.junit.platform.commons.util.ReflectionUtils.invokeMethod(ReflectionUtils.java:728)
	at org.junit.jupiter.engine.execution.MethodInvocation.proceed(MethodInvocation.java:60)
	at org.junit.jupiter.engine.execution.InvocationInterceptorChain$ValidatingInvocation.proceed(InvocationInterceptorChain.java:131)
	at org.junit.jupiter.engine.extension.TimeoutExtension.intercept(TimeoutExtension.java:156)
	at org.junit.jupiter.engine.extension.TimeoutExtension.interceptTestableMethod(TimeoutExtension.java:147)
	at org.junit.jupiter.engine.extension.TimeoutExtension.interceptTestMethod(TimeoutExtension.java:86)
	at org.junit.jupiter.engine.execution.InterceptingExecutableInvoker$ReflectiveInterceptorCall.lambda$ofVoidMethod$0(InterceptingExecutableInvoker.java:103)
	at org.junit.jupiter.engine.execution.InterceptingExecutableInvoker.lambda$invoke$0(InterceptingExecutableInvoker.java:93)
	at org.junit.jupiter.engine.execution.InvocationInterceptorChain$InterceptedInvocation.proceed(InvocationInterceptorChain.java:106)
	at org.junit.jupiter.engine.execution.InvocationInterceptorChain.proceed(InvocationInterceptorChain.java:64)
	at org.junit.jupiter.engine.execution.InvocationInterceptorChain.chainAndInvoke(InvocationInterceptorChain.java:45)
	at org.junit.jupiter.engine.execution.InvocationInterceptorChain.invoke(InvocationInterceptorChain.java:37)
	at org.junit.jupiter.engine.execution.InterceptingExecutableInvoker.invoke(InterceptingExecutableInvoker.java:92)
	at org.junit.jupiter.engine.execution.InterceptingExecutableInvoker.invoke(InterceptingExecutableInvoker.java:86)
	at org.junit.jupiter.engine.descriptor.TestMethodTestDescriptor.lambda$invokeTestMethod$7(TestMethodTestDescriptor.java:218)
	at org.junit.platform.engine.support.hierarchical.ThrowableCollector.execute(ThrowableCollector.java:73)
	at org.junit.jupiter.engine.descriptor.TestMethodTestDescriptor.invokeTestMethod(TestMethodTestDescriptor.java:214)
	at org.junit.jupiter.engine.descriptor.TestMethodTestDescriptor.execute(TestMethodTestDescriptor.java:139)
	at org.junit.jupiter.engine.descriptor.TestMethodTestDescriptor.execute(TestMethodTestDescriptor.java:69)
	at org.junit.platform.engine.support.hierarchical.NodeTestTask.lambda$executeRecursively$6(NodeTestTask.java:151)
	at org.junit.platform.engine.support.hierarchical.ThrowableCollector.execute(ThrowableCollector.java:73)
	at org.junit.platform.engine.support.hierarchical.NodeTestTask.lambda$executeRecursively$8(NodeTestTask.java:141)
	at org.junit.platform.engine.support.hierarchical.Node.around(Node.java:137)
	at org.junit.platform.engine.support.hierarchical.NodeTestTask.lambda$executeRecursively$9(NodeTestTask.java:139)
	at org.junit.platform.engine.support.hierarchical.ThrowableCollector.execute(ThrowableCollector.java:73)
	at org.junit.platform.engine.support.hierarchical.NodeTestTask.executeRecursively(NodeTestTask.java:138)
	at org.junit.platform.engine.support.hierarchical.NodeTestTask.execute(NodeTestTask.java:95)
	at java.base/java.util.ArrayList.forEach(ArrayList.java:1596)
	at org.junit.platform.engine.support.hierarchical.SameThreadHierarchicalTestExecutorService.invokeAll(SameThreadHierarchicalTestExecutorService.java:41)
	at org.junit.platform.engine.support.hierarchical.NodeTestTask.lambda$executeRecursively$6(NodeTestTask.java:155)
	at org.junit.platform.engine.support.hierarchical.ThrowableCollector.execute(ThrowableCollector.java:73)
	at org.junit.platform.engine.support.hierarchical.NodeTestTask.lambda$executeRecursively$8(NodeTestTask.java:141)
	at org.junit.platform.engine.support.hierarchical.Node.around(Node.java:137)
	at org.junit.platform.engine.support.hierarchical.NodeTestTask.lambda$executeRecursively$9(NodeTestTask.java:139)
	at org.junit.platform.engine.support.hierarchical.ThrowableCollector.execute(ThrowableCollector.java:73)
	at org.junit.platform.engine.support.hierarchical.NodeTestTask.executeRecursively(NodeTestTask.java:138)
	at org.junit.platform.engine.support.hierarchical.NodeTestTask.execute(NodeTestTask.java:95)
	at java.base/java.util.ArrayList.forEach(ArrayList.java:1596)
	at org.junit.platform.engine.support.hierarchical.SameThreadHierarchicalTestExecutorService.invokeAll(SameThreadHierarchicalTestExecutorService.java:41)
	at org.junit.platform.engine.support.hierarchical.NodeTestTask.lambda$executeRecursively$6(NodeTestTask.java:155)
	at org.junit.platform.engine.support.hierarchical.ThrowableCollector.execute(ThrowableCollector.java:73)
	at org.junit.platform.engine.support.hierarchical.NodeTestTask.lambda$executeRecursively$8(NodeTestTask.java:141)
	at org.junit.platform.engine.support.hierarchical.Node.around(Node.java:137)
	at org.junit.platform.engine.support.hierarchical.NodeTestTask.lambda$executeRecursively$9(NodeTestTask.java:139)
	at org.junit.platform.engine.support.hierarchical.ThrowableCollector.execute(ThrowableCollector.java:73)
	at org.junit.platform.engine.support.hierarchical.NodeTestTask.executeRecursively(NodeTestTask.java:138)
	at org.junit.platform.engine.support.hierarchical.NodeTestTask.execute(NodeTestTask.java:95)
	at org.junit.platform.engine.support.hierarchical.SameThreadHierarchicalTestExecutorService.submit(SameThreadHierarchicalTestExecutorService.java:35)
	at org.junit.platform.engine.support.hierarchical.HierarchicalTestExecutor.execute(HierarchicalTestExecutor.java:57)
	at org.junit.platform.engine.support.hierarchical.HierarchicalTestEngine.execute(HierarchicalTestEngine.java:54)
	at org.junit.platform.launcher.core.EngineExecutionOrchestrator.execute(EngineExecutionOrchestrator.java:198)
	at org.junit.platform.launcher.core.EngineExecutionOrchestrator.execute(EngineExecutionOrchestrator.java:169)
	at org.junit.platform.launcher.core.EngineExecutionOrchestrator.execute(EngineExecutionOrchestrator.java:93)
	at org.junit.platform.launcher.core.EngineExecutionOrchestrator.lambda$execute$0(EngineExecutionOrchestrator.java:58)
	at org.junit.platform.launcher.core.EngineExecutionOrchestrator.withInterceptedStreams(EngineExecutionOrchestrator.java:141)
	at org.junit.platform.launcher.core.EngineExecutionOrchestrator.execute(EngineExecutionOrchestrator.java:57)
	at org.junit.platform.launcher.core.DefaultLauncher.execute(DefaultLauncher.java:103)
	at org.junit.platform.launcher.core.DefaultLauncher.execute(DefaultLauncher.java:85)
	at org.junit.platform.launcher.core.DelegatingLauncher.execute(DelegatingLauncher.java:47)
	at org.apache.maven.surefire.junitplatform.LazyLauncher.execute(LazyLauncher.java:56)
	at org.apache.maven.surefire.junitplatform.JUnitPlatformProvider.execute(JUnitPlatformProvider.java:184)
	at org.apache.maven.surefire.junitplatform.JUnitPlatformProvider.invokeAllTests(JUnitPlatformProvider.java:148)
	at org.apache.maven.surefire.junitplatform.JUnitPlatformProvider.invoke(JUnitPlatformProvider.java:122)
	at org.apache.maven.surefire.booter.ForkedBooter.runSuitesInProcess(ForkedBooter.java:385)
	at org.apache.maven.surefire.booter.ForkedBooter.execute(ForkedBooter.java:162)
	at org.apache.maven.surefire.booter.ForkedBooter.run(ForkedBooter.java:507)
	at org.apache.maven.surefire.booter.ForkedBooter.main(ForkedBooter.java:495)
]]></system-out>
  </testcase>
  <testcase name="shouldThrowExceptionWhenServiceFailsForShipmentScannedEvent" classname="com.luckypets.logistics.notificationviewservice.listener.ShipmentEventListenerTest" time="0.004">
    <system-out><![CDATA[22:31:34.333 [main] INFO com.luckypets.logistics.notificationviewservice.listener.ShipmentEventListener -- ShipmentEventListener initialized
22:31:34.334 [main] INFO com.luckypets.logistics.notificationviewservice.listener.ShipmentEventListener -- 🎯 RECEIVED ShipmentScannedEvent from topic: topic, partition: 0, offset: 0
22:31:34.334 [main] INFO com.luckypets.logistics.notificationviewservice.listener.ShipmentEventListener -- 📍 Event details: ShipmentScannedEvent{correlationId='3e2d8e97-3d80-43c2-bbf0-8a3fe8e8c0bc', timestamp=2025-06-22T20:31:34.333012300Z, version='v1'}
22:31:34.334 [main] INFO com.luckypets.logistics.notificationviewservice.listener.ShipmentEventListener -- 🔄 Processing ShipmentScannedEvent for shipment: SHIP-456
22:31:34.335 [main] ERROR com.luckypets.logistics.notificationviewservice.listener.ShipmentEventListener -- ❌ Error processing shipment scanned event: ShipmentScannedEvent{correlationId='3e2d8e97-3d80-43c2-bbf0-8a3fe8e8c0bc', timestamp=2025-06-22T20:31:34.333012300Z, version='v1'}
java.lang.RuntimeException: Service error
	at com.luckypets.logistics.notificationviewservice.listener.ShipmentEventListener.handleShipmentScanned(ShipmentEventListener.java:120)
	at com.luckypets.logistics.notificationviewservice.listener.ShipmentEventListenerTest.lambda$shouldThrowExceptionWhenServiceFailsForShipmentScannedEvent$1(ShipmentEventListenerTest.java:201)
	at org.junit.jupiter.api.AssertThrows.assertThrows(AssertThrows.java:53)
	at org.junit.jupiter.api.AssertThrows.assertThrows(AssertThrows.java:35)
	at org.junit.jupiter.api.Assertions.assertThrows(Assertions.java:3115)
	at com.luckypets.logistics.notificationviewservice.listener.ShipmentEventListenerTest.shouldThrowExceptionWhenServiceFailsForShipmentScannedEvent(ShipmentEventListenerTest.java:200)
	at java.base/jdk.internal.reflect.DirectMethodHandleAccessor.invoke(DirectMethodHandleAccessor.java:103)
	at java.base/java.lang.reflect.Method.invoke(Method.java:580)
	at org.junit.platform.commons.util.ReflectionUtils.invokeMethod(ReflectionUtils.java:728)
	at org.junit.jupiter.engine.execution.MethodInvocation.proceed(MethodInvocation.java:60)
	at org.junit.jupiter.engine.execution.InvocationInterceptorChain$ValidatingInvocation.proceed(InvocationInterceptorChain.java:131)
	at org.junit.jupiter.engine.extension.TimeoutExtension.intercept(TimeoutExtension.java:156)
	at org.junit.jupiter.engine.extension.TimeoutExtension.interceptTestableMethod(TimeoutExtension.java:147)
	at org.junit.jupiter.engine.extension.TimeoutExtension.interceptTestMethod(TimeoutExtension.java:86)
	at org.junit.jupiter.engine.execution.InterceptingExecutableInvoker$ReflectiveInterceptorCall.lambda$ofVoidMethod$0(InterceptingExecutableInvoker.java:103)
	at org.junit.jupiter.engine.execution.InterceptingExecutableInvoker.lambda$invoke$0(InterceptingExecutableInvoker.java:93)
	at org.junit.jupiter.engine.execution.InvocationInterceptorChain$InterceptedInvocation.proceed(InvocationInterceptorChain.java:106)
	at org.junit.jupiter.engine.execution.InvocationInterceptorChain.proceed(InvocationInterceptorChain.java:64)
	at org.junit.jupiter.engine.execution.InvocationInterceptorChain.chainAndInvoke(InvocationInterceptorChain.java:45)
	at org.junit.jupiter.engine.execution.InvocationInterceptorChain.invoke(InvocationInterceptorChain.java:37)
	at org.junit.jupiter.engine.execution.InterceptingExecutableInvoker.invoke(InterceptingExecutableInvoker.java:92)
	at org.junit.jupiter.engine.execution.InterceptingExecutableInvoker.invoke(InterceptingExecutableInvoker.java:86)
	at org.junit.jupiter.engine.descriptor.TestMethodTestDescriptor.lambda$invokeTestMethod$7(TestMethodTestDescriptor.java:218)
	at org.junit.platform.engine.support.hierarchical.ThrowableCollector.execute(ThrowableCollector.java:73)
	at org.junit.jupiter.engine.descriptor.TestMethodTestDescriptor.invokeTestMethod(TestMethodTestDescriptor.java:214)
	at org.junit.jupiter.engine.descriptor.TestMethodTestDescriptor.execute(TestMethodTestDescriptor.java:139)
	at org.junit.jupiter.engine.descriptor.TestMethodTestDescriptor.execute(TestMethodTestDescriptor.java:69)
	at org.junit.platform.engine.support.hierarchical.NodeTestTask.lambda$executeRecursively$6(NodeTestTask.java:151)
	at org.junit.platform.engine.support.hierarchical.ThrowableCollector.execute(ThrowableCollector.java:73)
	at org.junit.platform.engine.support.hierarchical.NodeTestTask.lambda$executeRecursively$8(NodeTestTask.java:141)
	at org.junit.platform.engine.support.hierarchical.Node.around(Node.java:137)
	at org.junit.platform.engine.support.hierarchical.NodeTestTask.lambda$executeRecursively$9(NodeTestTask.java:139)
	at org.junit.platform.engine.support.hierarchical.ThrowableCollector.execute(ThrowableCollector.java:73)
	at org.junit.platform.engine.support.hierarchical.NodeTestTask.executeRecursively(NodeTestTask.java:138)
	at org.junit.platform.engine.support.hierarchical.NodeTestTask.execute(NodeTestTask.java:95)
	at java.base/java.util.ArrayList.forEach(ArrayList.java:1596)
	at org.junit.platform.engine.support.hierarchical.SameThreadHierarchicalTestExecutorService.invokeAll(SameThreadHierarchicalTestExecutorService.java:41)
	at org.junit.platform.engine.support.hierarchical.NodeTestTask.lambda$executeRecursively$6(NodeTestTask.java:155)
	at org.junit.platform.engine.support.hierarchical.ThrowableCollector.execute(ThrowableCollector.java:73)
	at org.junit.platform.engine.support.hierarchical.NodeTestTask.lambda$executeRecursively$8(NodeTestTask.java:141)
	at org.junit.platform.engine.support.hierarchical.Node.around(Node.java:137)
	at org.junit.platform.engine.support.hierarchical.NodeTestTask.lambda$executeRecursively$9(NodeTestTask.java:139)
	at org.junit.platform.engine.support.hierarchical.ThrowableCollector.execute(ThrowableCollector.java:73)
	at org.junit.platform.engine.support.hierarchical.NodeTestTask.executeRecursively(NodeTestTask.java:138)
	at org.junit.platform.engine.support.hierarchical.NodeTestTask.execute(NodeTestTask.java:95)
	at java.base/java.util.ArrayList.forEach(ArrayList.java:1596)
	at org.junit.platform.engine.support.hierarchical.SameThreadHierarchicalTestExecutorService.invokeAll(SameThreadHierarchicalTestExecutorService.java:41)
	at org.junit.platform.engine.support.hierarchical.NodeTestTask.lambda$executeRecursively$6(NodeTestTask.java:155)
	at org.junit.platform.engine.support.hierarchical.ThrowableCollector.execute(ThrowableCollector.java:73)
	at org.junit.platform.engine.support.hierarchical.NodeTestTask.lambda$executeRecursively$8(NodeTestTask.java:141)
	at org.junit.platform.engine.support.hierarchical.Node.around(Node.java:137)
	at org.junit.platform.engine.support.hierarchical.NodeTestTask.lambda$executeRecursively$9(NodeTestTask.java:139)
	at org.junit.platform.engine.support.hierarchical.ThrowableCollector.execute(ThrowableCollector.java:73)
	at org.junit.platform.engine.support.hierarchical.NodeTestTask.executeRecursively(NodeTestTask.java:138)
	at org.junit.platform.engine.support.hierarchical.NodeTestTask.execute(NodeTestTask.java:95)
	at org.junit.platform.engine.support.hierarchical.SameThreadHierarchicalTestExecutorService.submit(SameThreadHierarchicalTestExecutorService.java:35)
	at org.junit.platform.engine.support.hierarchical.HierarchicalTestExecutor.execute(HierarchicalTestExecutor.java:57)
	at org.junit.platform.engine.support.hierarchical.HierarchicalTestEngine.execute(HierarchicalTestEngine.java:54)
	at org.junit.platform.launcher.core.EngineExecutionOrchestrator.execute(EngineExecutionOrchestrator.java:198)
	at org.junit.platform.launcher.core.EngineExecutionOrchestrator.execute(EngineExecutionOrchestrator.java:169)
	at org.junit.platform.launcher.core.EngineExecutionOrchestrator.execute(EngineExecutionOrchestrator.java:93)
	at org.junit.platform.launcher.core.EngineExecutionOrchestrator.lambda$execute$0(EngineExecutionOrchestrator.java:58)
	at org.junit.platform.launcher.core.EngineExecutionOrchestrator.withInterceptedStreams(EngineExecutionOrchestrator.java:141)
	at org.junit.platform.launcher.core.EngineExecutionOrchestrator.execute(EngineExecutionOrchestrator.java:57)
	at org.junit.platform.launcher.core.DefaultLauncher.execute(DefaultLauncher.java:103)
	at org.junit.platform.launcher.core.DefaultLauncher.execute(DefaultLauncher.java:85)
	at org.junit.platform.launcher.core.DelegatingLauncher.execute(DelegatingLauncher.java:47)
	at org.apache.maven.surefire.junitplatform.LazyLauncher.execute(LazyLauncher.java:56)
	at org.apache.maven.surefire.junitplatform.JUnitPlatformProvider.execute(JUnitPlatformProvider.java:184)
	at org.apache.maven.surefire.junitplatform.JUnitPlatformProvider.invokeAllTests(JUnitPlatformProvider.java:148)
	at org.apache.maven.surefire.junitplatform.JUnitPlatformProvider.invoke(JUnitPlatformProvider.java:122)
	at org.apache.maven.surefire.booter.ForkedBooter.runSuitesInProcess(ForkedBooter.java:385)
	at org.apache.maven.surefire.booter.ForkedBooter.execute(ForkedBooter.java:162)
	at org.apache.maven.surefire.booter.ForkedBooter.run(ForkedBooter.java:507)
	at org.apache.maven.surefire.booter.ForkedBooter.main(ForkedBooter.java:495)
]]></system-out>
  </testcase>
  <testcase name="shouldAcknowledgeWhenShipmentCreatedEventProcessingSucceeds" classname="com.luckypets.logistics.notificationviewservice.listener.ShipmentEventListenerTest" time="0.004">
    <system-out><![CDATA[22:31:34.339 [main] INFO com.luckypets.logistics.notificationviewservice.listener.ShipmentEventListener -- ShipmentEventListener initialized
22:31:34.340 [main] INFO com.luckypets.logistics.notificationviewservice.listener.ShipmentEventListener -- 🎯 RECEIVED ShipmentCreatedEvent from topic: topic, partition: 0, offset: 0
22:31:34.340 [main] INFO com.luckypets.logistics.notificationviewservice.listener.ShipmentEventListener -- 📦 Event details: ShipmentCreatedEvent{correlationId='1cb3437a-f09f-45c0-828b-b595b57bad87', timestamp=2025-06-22T20:31:34.340011Z, version='v1'}
22:31:34.340 [main] INFO com.luckypets.logistics.notificationviewservice.listener.ShipmentEventListener -- 🔄 Processing ShipmentCreatedEvent for shipment: SHIP-123
22:31:34.341 [main] INFO com.luckypets.logistics.notificationviewservice.listener.ShipmentEventListener -- ✅ Successfully saved notification: befcb2c4-dabf-44f1-b976-591b19c30b57
22:31:34.341 [main] INFO com.luckypets.logistics.notificationviewservice.listener.ShipmentEventListener -- 📊 Total notifications in system: 1
]]></system-out>
  </testcase>
  <testcase name="shouldThrowExceptionWhenServiceFailsForShipmentDeliveredEvent" classname="com.luckypets.logistics.notificationviewservice.listener.ShipmentEventListenerTest" time="0.004">
    <system-out><![CDATA[22:31:34.344 [main] INFO com.luckypets.logistics.notificationviewservice.listener.ShipmentEventListener -- ShipmentEventListener initialized
22:31:34.344 [main] INFO com.luckypets.logistics.notificationviewservice.listener.ShipmentEventListener -- 🎯 RECEIVED ShipmentDeliveredEvent from topic: topic, partition: 0, offset: 0
22:31:34.344 [main] INFO com.luckypets.logistics.notificationviewservice.listener.ShipmentEventListener -- 🚚 Event details: ShipmentDeliveredEvent{correlationId='487fdf10-2018-491c-9d0e-e64b5eb9abc6', timestamp=2025-06-22T20:31:34.344011100Z, version='v1'}
22:31:34.345 [main] INFO com.luckypets.logistics.notificationviewservice.listener.ShipmentEventListener -- 🔄 Processing ShipmentDeliveredEvent for shipment: SHIP-789
22:31:34.345 [main] ERROR com.luckypets.logistics.notificationviewservice.listener.ShipmentEventListener -- ❌ Error processing shipment delivered event: ShipmentDeliveredEvent{correlationId='487fdf10-2018-491c-9d0e-e64b5eb9abc6', timestamp=2025-06-22T20:31:34.344011100Z, version='v1'}
java.lang.RuntimeException: Service error
	at com.luckypets.logistics.notificationviewservice.listener.ShipmentEventListener.handleShipmentDelivered(ShipmentEventListener.java:171)
	at com.luckypets.logistics.notificationviewservice.listener.ShipmentEventListenerTest.lambda$shouldThrowExceptionWhenServiceFailsForShipmentDeliveredEvent$2(ShipmentEventListenerTest.java:218)
	at org.junit.jupiter.api.AssertThrows.assertThrows(AssertThrows.java:53)
	at org.junit.jupiter.api.AssertThrows.assertThrows(AssertThrows.java:35)
	at org.junit.jupiter.api.Assertions.assertThrows(Assertions.java:3115)
	at com.luckypets.logistics.notificationviewservice.listener.ShipmentEventListenerTest.shouldThrowExceptionWhenServiceFailsForShipmentDeliveredEvent(ShipmentEventListenerTest.java:217)
	at java.base/jdk.internal.reflect.DirectMethodHandleAccessor.invoke(DirectMethodHandleAccessor.java:103)
	at java.base/java.lang.reflect.Method.invoke(Method.java:580)
	at org.junit.platform.commons.util.ReflectionUtils.invokeMethod(ReflectionUtils.java:728)
	at org.junit.jupiter.engine.execution.MethodInvocation.proceed(MethodInvocation.java:60)
	at org.junit.jupiter.engine.execution.InvocationInterceptorChain$ValidatingInvocation.proceed(InvocationInterceptorChain.java:131)
	at org.junit.jupiter.engine.extension.TimeoutExtension.intercept(TimeoutExtension.java:156)
	at org.junit.jupiter.engine.extension.TimeoutExtension.interceptTestableMethod(TimeoutExtension.java:147)
	at org.junit.jupiter.engine.extension.TimeoutExtension.interceptTestMethod(TimeoutExtension.java:86)
	at org.junit.jupiter.engine.execution.InterceptingExecutableInvoker$ReflectiveInterceptorCall.lambda$ofVoidMethod$0(InterceptingExecutableInvoker.java:103)
	at org.junit.jupiter.engine.execution.InterceptingExecutableInvoker.lambda$invoke$0(InterceptingExecutableInvoker.java:93)
	at org.junit.jupiter.engine.execution.InvocationInterceptorChain$InterceptedInvocation.proceed(InvocationInterceptorChain.java:106)
	at org.junit.jupiter.engine.execution.InvocationInterceptorChain.proceed(InvocationInterceptorChain.java:64)
	at org.junit.jupiter.engine.execution.InvocationInterceptorChain.chainAndInvoke(InvocationInterceptorChain.java:45)
	at org.junit.jupiter.engine.execution.InvocationInterceptorChain.invoke(InvocationInterceptorChain.java:37)
	at org.junit.jupiter.engine.execution.InterceptingExecutableInvoker.invoke(InterceptingExecutableInvoker.java:92)
	at org.junit.jupiter.engine.execution.InterceptingExecutableInvoker.invoke(InterceptingExecutableInvoker.java:86)
	at org.junit.jupiter.engine.descriptor.TestMethodTestDescriptor.lambda$invokeTestMethod$7(TestMethodTestDescriptor.java:218)
	at org.junit.platform.engine.support.hierarchical.ThrowableCollector.execute(ThrowableCollector.java:73)
	at org.junit.jupiter.engine.descriptor.TestMethodTestDescriptor.invokeTestMethod(TestMethodTestDescriptor.java:214)
	at org.junit.jupiter.engine.descriptor.TestMethodTestDescriptor.execute(TestMethodTestDescriptor.java:139)
	at org.junit.jupiter.engine.descriptor.TestMethodTestDescriptor.execute(TestMethodTestDescriptor.java:69)
	at org.junit.platform.engine.support.hierarchical.NodeTestTask.lambda$executeRecursively$6(NodeTestTask.java:151)
	at org.junit.platform.engine.support.hierarchical.ThrowableCollector.execute(ThrowableCollector.java:73)
	at org.junit.platform.engine.support.hierarchical.NodeTestTask.lambda$executeRecursively$8(NodeTestTask.java:141)
	at org.junit.platform.engine.support.hierarchical.Node.around(Node.java:137)
	at org.junit.platform.engine.support.hierarchical.NodeTestTask.lambda$executeRecursively$9(NodeTestTask.java:139)
	at org.junit.platform.engine.support.hierarchical.ThrowableCollector.execute(ThrowableCollector.java:73)
	at org.junit.platform.engine.support.hierarchical.NodeTestTask.executeRecursively(NodeTestTask.java:138)
	at org.junit.platform.engine.support.hierarchical.NodeTestTask.execute(NodeTestTask.java:95)
	at java.base/java.util.ArrayList.forEach(ArrayList.java:1596)
	at org.junit.platform.engine.support.hierarchical.SameThreadHierarchicalTestExecutorService.invokeAll(SameThreadHierarchicalTestExecutorService.java:41)
	at org.junit.platform.engine.support.hierarchical.NodeTestTask.lambda$executeRecursively$6(NodeTestTask.java:155)
	at org.junit.platform.engine.support.hierarchical.ThrowableCollector.execute(ThrowableCollector.java:73)
	at org.junit.platform.engine.support.hierarchical.NodeTestTask.lambda$executeRecursively$8(NodeTestTask.java:141)
	at org.junit.platform.engine.support.hierarchical.Node.around(Node.java:137)
	at org.junit.platform.engine.support.hierarchical.NodeTestTask.lambda$executeRecursively$9(NodeTestTask.java:139)
	at org.junit.platform.engine.support.hierarchical.ThrowableCollector.execute(ThrowableCollector.java:73)
	at org.junit.platform.engine.support.hierarchical.NodeTestTask.executeRecursively(NodeTestTask.java:138)
	at org.junit.platform.engine.support.hierarchical.NodeTestTask.execute(NodeTestTask.java:95)
	at java.base/java.util.ArrayList.forEach(ArrayList.java:1596)
	at org.junit.platform.engine.support.hierarchical.SameThreadHierarchicalTestExecutorService.invokeAll(SameThreadHierarchicalTestExecutorService.java:41)
	at org.junit.platform.engine.support.hierarchical.NodeTestTask.lambda$executeRecursively$6(NodeTestTask.java:155)
	at org.junit.platform.engine.support.hierarchical.ThrowableCollector.execute(ThrowableCollector.java:73)
	at org.junit.platform.engine.support.hierarchical.NodeTestTask.lambda$executeRecursively$8(NodeTestTask.java:141)
	at org.junit.platform.engine.support.hierarchical.Node.around(Node.java:137)
	at org.junit.platform.engine.support.hierarchical.NodeTestTask.lambda$executeRecursively$9(NodeTestTask.java:139)
	at org.junit.platform.engine.support.hierarchical.ThrowableCollector.execute(ThrowableCollector.java:73)
	at org.junit.platform.engine.support.hierarchical.NodeTestTask.executeRecursively(NodeTestTask.java:138)
	at org.junit.platform.engine.support.hierarchical.NodeTestTask.execute(NodeTestTask.java:95)
	at org.junit.platform.engine.support.hierarchical.SameThreadHierarchicalTestExecutorService.submit(SameThreadHierarchicalTestExecutorService.java:35)
	at org.junit.platform.engine.support.hierarchical.HierarchicalTestExecutor.execute(HierarchicalTestExecutor.java:57)
	at org.junit.platform.engine.support.hierarchical.HierarchicalTestEngine.execute(HierarchicalTestEngine.java:54)
	at org.junit.platform.launcher.core.EngineExecutionOrchestrator.execute(EngineExecutionOrchestrator.java:198)
	at org.junit.platform.launcher.core.EngineExecutionOrchestrator.execute(EngineExecutionOrchestrator.java:169)
	at org.junit.platform.launcher.core.EngineExecutionOrchestrator.execute(EngineExecutionOrchestrator.java:93)
	at org.junit.platform.launcher.core.EngineExecutionOrchestrator.lambda$execute$0(EngineExecutionOrchestrator.java:58)
	at org.junit.platform.launcher.core.EngineExecutionOrchestrator.withInterceptedStreams(EngineExecutionOrchestrator.java:141)
	at org.junit.platform.launcher.core.EngineExecutionOrchestrator.execute(EngineExecutionOrchestrator.java:57)
	at org.junit.platform.launcher.core.DefaultLauncher.execute(DefaultLauncher.java:103)
	at org.junit.platform.launcher.core.DefaultLauncher.execute(DefaultLauncher.java:85)
	at org.junit.platform.launcher.core.DelegatingLauncher.execute(DelegatingLauncher.java:47)
	at org.apache.maven.surefire.junitplatform.LazyLauncher.execute(LazyLauncher.java:56)
	at org.apache.maven.surefire.junitplatform.JUnitPlatformProvider.execute(JUnitPlatformProvider.java:184)
	at org.apache.maven.surefire.junitplatform.JUnitPlatformProvider.invokeAllTests(JUnitPlatformProvider.java:148)
	at org.apache.maven.surefire.junitplatform.JUnitPlatformProvider.invoke(JUnitPlatformProvider.java:122)
	at org.apache.maven.surefire.booter.ForkedBooter.runSuitesInProcess(ForkedBooter.java:385)
	at org.apache.maven.surefire.booter.ForkedBooter.execute(ForkedBooter.java:162)
	at org.apache.maven.surefire.booter.ForkedBooter.run(ForkedBooter.java:507)
	at org.apache.maven.surefire.booter.ForkedBooter.main(ForkedBooter.java:495)
]]></system-out>
  </testcase>
  <testcase name="shouldAcknowledgeWhenShipmentCreatedEventIsNull" classname="com.luckypets.logistics.notificationviewservice.listener.ShipmentEventListenerTest" time="0.002">
    <system-out><![CDATA[22:31:34.349 [main] INFO com.luckypets.logistics.notificationviewservice.listener.ShipmentEventListener -- ShipmentEventListener initialized
22:31:34.349 [main] INFO com.luckypets.logistics.notificationviewservice.listener.ShipmentEventListener -- 🎯 RECEIVED ShipmentCreatedEvent from topic: topic, partition: 0, offset: 0
22:31:34.349 [main] INFO com.luckypets.logistics.notificationviewservice.listener.ShipmentEventListener -- 📦 Event details: null
22:31:34.349 [main] ERROR com.luckypets.logistics.notificationviewservice.listener.ShipmentEventListener -- ❌ Received null event for shipment created
]]></system-out>
  </testcase>
</testsuite>